"../../../Engine/Content/EngineMaterials/T_Default_Material_Grid_M.ubulk" 0
"../../../Engine/Content/EngineMaterials/T_Default_Material_Grid_M.uasset" 1
"../../../Engine/Content/EngineMaterials/T_Default_Material_Grid_M.uexp" 2
"../../../Engine/Content/EngineMaterials/T_Default_Material_Grid_N.ubulk" 3
"../../../Engine/Content/EngineMaterials/T_Default_Material_Grid_N.uasset" 4
"../../../Engine/Content/EngineMaterials/T_Default_Material_Grid_N.uexp" 5
"../../../Engine/Content/Functions/Engine_MaterialFunctions01/Opacity/CameraDepthFade.uasset" 6
"../../../Engine/Content/Functions/Engine_MaterialFunctions01/Opacity/CameraDepthFade.uexp" 7
"../../../Engine/Content/EngineMaterials/DefaultMaterial.uasset" 8
"../../../Engine/Content/EngineMaterials/DefaultMaterial.uexp" 9
"../../../Engine/Content/BasicShapes/Sphere.ubulk" 10
"../../../Engine/Content/BasicShapes/Sphere.uasset" 11
"../../../Engine/Content/BasicShapes/Sphere.uexp" 12
"../../../Engine/Content/EngineMaterials/WorldGridMaterial.uasset" 13
"../../../Engine/Content/EngineMaterials/WorldGridMaterial.uexp" 14
"../../../Engine/Content/BasicShapes/Plane.ubulk" 15
"../../../Engine/Content/BasicShapes/Plane.uasset" 16
"../../../Engine/Content/BasicShapes/Plane.uexp" 17
"../../../Engine/Content/BasicShapes/Cylinder.ubulk" 18
"../../../Engine/Content/BasicShapes/Cylinder.uasset" 19
"../../../Engine/Content/BasicShapes/Cylinder.uexp" 20
"../../../Engine/Content/BasicShapes/Cube.ubulk" 21
"../../../Engine/Content/BasicShapes/Cube.uasset" 22
"../../../Engine/Content/BasicShapes/Cube.uexp" 23
"../../../Engine/Content/BasicShapes/Cone.ubulk" 24
"../../../Engine/Content/BasicShapes/Cone.uasset" 25
"../../../Engine/Content/BasicShapes/Cone.uexp" 26
"../../../Engine/Content/ArtTools/RenderToTexture/Meshes/S_1_Unit_Plane.ubulk" 27
"../../../Engine/Content/ArtTools/RenderToTexture/Meshes/S_1_Unit_Plane.uasset" 28
"../../../Engine/Content/ArtTools/RenderToTexture/Meshes/S_1_Unit_Plane.uexp" 29
"C:/Users/Jacob/Desktop/Major Project/Frankensponge/Content/StarterContent/Audio/Starter_Wind06.ubulk" 30
"C:/Users/Jacob/Desktop/Major Project/Frankensponge/Content/StarterContent/Audio/Starter_Wind06.uasset" 31
"C:/Users/Jacob/Desktop/Major Project/Frankensponge/Content/StarterContent/Audio/Starter_Wind06.uexp" 32
"C:/Users/Jacob/Desktop/Major Project/Frankensponge/Content/StarterContent/Audio/Starter_Wind05.ubulk" 33
"C:/Users/Jacob/Desktop/Major Project/Frankensponge/Content/StarterContent/Audio/Starter_Wind05.uasset" 34
"C:/Users/Jacob/Desktop/Major Project/Frankensponge/Content/StarterContent/Audio/Starter_Wind05.uexp" 35
"C:/Users/Jacob/Desktop/Major Project/Frankensponge/Content/StarterContent/Audio/Starter_Birds01.ubulk" 36
"C:/Users/Jacob/Desktop/Major Project/Frankensponge/Content/StarterContent/Audio/Starter_Birds01.uasset" 37
"C:/Users/Jacob/Desktop/Major Project/Frankensponge/Content/StarterContent/Audio/Starter_Birds01.uexp" 38
"C:/Users/Jacob/Desktop/Major Project/Frankensponge/Content/Models/Frankensponge/M_Frankensponge.uasset" 39
"C:/Users/Jacob/Desktop/Major Project/Frankensponge/Content/Models/Frankensponge/M_Frankensponge.uexp" 40
"C:/Users/Jacob/Desktop/Major Project/Frankensponge/Content/Models/Frankensponge/FrankenTest.ubulk" 41
"C:/Users/Jacob/Desktop/Major Project/Frankensponge/Content/Models/Frankensponge/FrankenTest.uasset" 42
"C:/Users/Jacob/Desktop/Major Project/Frankensponge/Content/Models/Frankensponge/FrankenTest.uexp" 43
"../../../Engine/Plugins/FX/Niagara/Content/Enums/ENiagaraSphereDistributionMode.uasset" 44
"../../../Engine/Plugins/FX/Niagara/Content/Enums/ENiagaraSphereDistributionMode.uexp" 45
"../../../Engine/Plugins/FX/Niagara/Content/Enums/ENiagaraTorusDistributionMode.uasset" 46
"../../../Engine/Plugins/FX/Niagara/Content/Enums/ENiagaraTorusDistributionMode.uexp" 47
"../../../Engine/Plugins/FX/Niagara/Content/Enums/ENiagaraRandomnessMode.uasset" 48
"../../../Engine/Plugins/FX/Niagara/Content/Enums/ENiagaraRandomnessMode.uexp" 49
"../../../Engine/Plugins/FX/Niagara/Content/Functions/GetRandomInfo.uasset" 50
"../../../Engine/Plugins/FX/Niagara/Content/Functions/GetRandomInfo.uexp" 51
"../../../Engine/Plugins/FX/Niagara/Content/Functions/RandomRangeFloat.uasset" 52
"../../../Engine/Plugins/FX/Niagara/Content/Functions/RandomRangeFloat.uexp" 53
"../../../Engine/Plugins/FX/Niagara/Content/Modules/Emitter/SpawnRate.uasset" 54
"../../../Engine/Plugins/FX/Niagara/Content/Modules/Emitter/SpawnRate.uexp" 55
"../../../Engine/Plugins/FX/Niagara/Content/Enums/ENiagaraRandomnessEvaluation.uasset" 56
"../../../Engine/Plugins/FX/Niagara/Content/Enums/ENiagaraRandomnessEvaluation.uexp" 57
"../../../Engine/Plugins/FX/Niagara/Content/Functions/V2/CalculateRandomRangeFloat.uasset" 58
"../../../Engine/Plugins/FX/Niagara/Content/Functions/V2/CalculateRandomRangeFloat.uexp" 59
"../../../Engine/Plugins/FX/Niagara/Content/DynamicInputs/UniformRange/V2/RandomRangeFloat.uasset" 60
"../../../Engine/Plugins/FX/Niagara/Content/DynamicInputs/UniformRange/V2/RandomRangeFloat.uexp" 61
"../../../Engine/Plugins/FX/Niagara/Content/Enums/Location/ENiagara_LocationShapes.uasset" 62
"../../../Engine/Plugins/FX/Niagara/Content/Enums/Location/ENiagara_LocationShapes.uexp" 63
"../../../Engine/Plugins/FX/Niagara/Content/Enums/ENiagara_MassInitializationMode.uasset" 64
"../../../Engine/Plugins/FX/Niagara/Content/Enums/ENiagara_MassInitializationMode.uexp" 65
"../../../Engine/Plugins/FX/Niagara/Content/Enums/Location/ENiagara_CylinderMode.uasset" 66
"../../../Engine/Plugins/FX/Niagara/Content/Enums/Location/ENiagara_CylinderMode.uexp" 67
"../../../Engine/Plugins/FX/Niagara/Content/DefaultAssets/DefaultSpriteMaterial.uasset" 68
"../../../Engine/Plugins/FX/Niagara/Content/DefaultAssets/DefaultSpriteMaterial.uexp" 69
"../../../Engine/Plugins/FX/Niagara/Content/Functions/Localspace/TransformBase.uasset" 70
"../../../Engine/Plugins/FX/Niagara/Content/Functions/Localspace/TransformBase.uexp" 71
"../../../Engine/Plugins/FX/Niagara/Content/Functions/Localspace/TransformVector.uasset" 72
"../../../Engine/Plugins/FX/Niagara/Content/Functions/Localspace/TransformVector.uexp" 73
"../../../Engine/Plugins/FX/Niagara/Content/Modules/Update/Forces/GravityForce.uasset" 74
"../../../Engine/Plugins/FX/Niagara/Content/Modules/Update/Forces/GravityForce.uexp" 75
"../../../Engine/Plugins/FX/Niagara/Content/Enums/ENiagara_PositionInitializationMode.uasset" 76
"../../../Engine/Plugins/FX/Niagara/Content/Enums/ENiagara_PositionInitializationMode.uexp" 77
"../../../Engine/Plugins/FX/Niagara/Content/Icons/Modules/T_Icon_Solver_LimitSpeed.uasset" 78
"../../../Engine/Plugins/FX/Niagara/Content/Icons/Modules/T_Icon_Solver_LimitSpeed.uexp" 79
"../../../Engine/Plugins/FX/Niagara/Content/Functions/DirectionAndLengthSafe.uasset" 80
"../../../Engine/Plugins/FX/Niagara/Content/Functions/DirectionAndLengthSafe.uexp" 81
"../../../Engine/Plugins/FX/Niagara/Content/Functions/Rotation/MultiplyQuaternion.uasset" 82
"../../../Engine/Plugins/FX/Niagara/Content/Functions/Rotation/MultiplyQuaternion.uexp" 83
"../../../Engine/Plugins/FX/Niagara/Content/Functions/Rotation/AxisAngleToQuaternion.uasset" 84
"../../../Engine/Plugins/FX/Niagara/Content/Functions/Rotation/AxisAngleToQuaternion.uexp" 85
"../../../Engine/Plugins/FX/Niagara/Content/Modules/Solvers/ApplyRotationVector.uasset" 86
"../../../Engine/Plugins/FX/Niagara/Content/Modules/Solvers/ApplyRotationVector.uexp" 87
"../../../Engine/Plugins/FX/Niagara/Content/Icons/Modules/T_Icon_Solver_RotationalSolve.uasset" 88
"../../../Engine/Plugins/FX/Niagara/Content/Icons/Modules/T_Icon_Solver_RotationalSolve.uexp" 89
"../../../Engine/Plugins/FX/Niagara/Content/Icons/Modules/T_Icon_Solver_LimitAccel.uasset" 90
"../../../Engine/Plugins/FX/Niagara/Content/Icons/Modules/T_Icon_Solver_LimitAccel.uexp" 91
"../../../Engine/Plugins/FX/Niagara/Content/Modules/Solvers/SolveForcesAndVelocity.uasset" 92
"../../../Engine/Plugins/FX/Niagara/Content/Modules/Solvers/SolveForcesAndVelocity.uexp" 93
"../../../Engine/Plugins/FX/Niagara/Content/Modules/Update/Forces/Drag.uasset" 94
"../../../Engine/Plugins/FX/Niagara/Content/Modules/Update/Forces/Drag.uexp" 95
"../../../Engine/Plugins/FX/Niagara/Content/Enums/ENiagaraScaleColorMode.uasset" 96
"../../../Engine/Plugins/FX/Niagara/Content/Enums/ENiagaraScaleColorMode.uexp" 97
"../../../Engine/Plugins/FX/Niagara/Content/Modules/Update/Color/ScaleColor.uasset" 98
"../../../Engine/Plugins/FX/Niagara/Content/Modules/Update/Color/ScaleColor.uexp" 99
"../../../Engine/Plugins/FX/Niagara/Content/Enums/ENiagara_SizeScaleMode.uasset" 100
"../../../Engine/Plugins/FX/Niagara/Content/Enums/ENiagara_SizeScaleMode.uexp" 101
"../../../Engine/Plugins/FX/Niagara/Content/Enums/ENiagara_UVFlippingMode.uasset" 102
"../../../Engine/Plugins/FX/Niagara/Content/Enums/ENiagara_UVFlippingMode.uexp" 103
"../../../Engine/Plugins/FX/Niagara/Content/Functions/Localspace/SimulationPosition.uasset" 104
"../../../Engine/Plugins/FX/Niagara/Content/Functions/Localspace/SimulationPosition.uexp" 105
"../../../Engine/Plugins/FX/Niagara/Content/Functions/V2/CalculateRandomRangeInteger.uasset" 106
"../../../Engine/Plugins/FX/Niagara/Content/Functions/V2/CalculateRandomRangeInteger.uexp" 107
"../../../Engine/Plugins/FX/Niagara/Content/Enums/Ribbons/ENiagara_UnsetDirectSetRandom.uasset" 108
"../../../Engine/Plugins/FX/Niagara/Content/Enums/Ribbons/ENiagara_UnsetDirectSetRandom.uexp" 109
"../../../Engine/Plugins/FX/Niagara/Content/Enums/ENiagara_LifetimeMode.uasset" 110
"../../../Engine/Plugins/FX/Niagara/Content/Enums/ENiagara_LifetimeMode.uexp" 111
"../../../Engine/Plugins/FX/Niagara/Content/Functions/V2/CalculateRandomRange.uasset" 112
"../../../Engine/Plugins/FX/Niagara/Content/Functions/V2/CalculateRandomRange.uexp" 113
"../../../Engine/Plugins/FX/Niagara/Content/Functions/V2/CalculateRandomBool.uasset" 114
"../../../Engine/Plugins/FX/Niagara/Content/Functions/V2/CalculateRandomBool.uexp" 115
"../../../Engine/Plugins/FX/Niagara/Content/Enums/Ribbons/ENiagara_UnsetDirectSet.uasset" 116
"../../../Engine/Plugins/FX/Niagara/Content/Enums/Ribbons/ENiagara_UnsetDirectSet.uexp" 117
"../../../Engine/Plugins/FX/Niagara/Content/Enums/ENiagara_SpriteRotationMode.uasset" 118
"../../../Engine/Plugins/FX/Niagara/Content/Enums/ENiagara_SpriteRotationMode.uexp" 119
"../../../Engine/Plugins/FX/Niagara/Content/Enums/ENiagara_ColorInitializationMode.uasset" 120
"../../../Engine/Plugins/FX/Niagara/Content/Enums/ENiagara_ColorInitializationMode.uexp" 121
"../../../Engine/Plugins/FX/Niagara/Content/Functions/LinearColor/HueShiftLinearColor.uasset" 122
"../../../Engine/Plugins/FX/Niagara/Content/Functions/LinearColor/HueShiftLinearColor.uexp" 123
"../../../Engine/Plugins/FX/Niagara/Content/Enums/ENiagaraChannelCorrelation.uasset" 124
"../../../Engine/Plugins/FX/Niagara/Content/Enums/ENiagaraChannelCorrelation.uexp" 125
"../../../Engine/Plugins/FX/Niagara/Content/Modules/Spawn/Initialization/V2/InitializeParticle.uasset" 126
"../../../Engine/Plugins/FX/Niagara/Content/Modules/Spawn/Initialization/V2/InitializeParticle.uexp" 127
"../../../Engine/Plugins/FX/Niagara/Content/Enums/Transforms/ENiagara_ScaleMode.uasset" 128
"../../../Engine/Plugins/FX/Niagara/Content/Enums/Transforms/ENiagara_ScaleMode.uexp" 129
"../../../Engine/Plugins/FX/Niagara/Content/Functions/Math/SaturateFloat.uasset" 130
"../../../Engine/Plugins/FX/Niagara/Content/Functions/Math/SaturateFloat.uexp" 131
"../../../Engine/Plugins/FX/Niagara/Content/Functions/Rotation/XYZRotationToQuaternion.uasset" 132
"../../../Engine/Plugins/FX/Niagara/Content/Functions/Rotation/XYZRotationToQuaternion.uexp" 133
"../../../Engine/Plugins/FX/Niagara/Content/Functions/Rotation/MultiplyVectorWithQuaternion.uasset" 134
"../../../Engine/Plugins/FX/Niagara/Content/Functions/Rotation/MultiplyVectorWithQuaternion.uexp" 135
"../../../Engine/Plugins/FX/Niagara/Content/Functions/Rotation/FindQuatBetween.uasset" 136
"../../../Engine/Plugins/FX/Niagara/Content/Functions/Rotation/FindQuatBetween.uexp" 137
"../../../Engine/Plugins/FX/Niagara/Content/Functions/V2/CalculateRandomUnitVector.uasset" 138
"../../../Engine/Plugins/FX/Niagara/Content/Functions/V2/CalculateRandomUnitVector.uexp" 139
"../../../Engine/Plugins/FX/Niagara/Content/Enums/Angles/ENiagara_AngleInput.uasset" 140
"../../../Engine/Plugins/FX/Niagara/Content/Enums/Angles/ENiagara_AngleInput.uexp" 141
"../../../Engine/Plugins/FX/Niagara/Content/Functions/Rotation/AngleUnitConverter.uasset" 142
"../../../Engine/Plugins/FX/Niagara/Content/Functions/Rotation/AngleUnitConverter.uexp" 143
"../../../Engine/Plugins/FX/Niagara/Content/Enums/Utility/ENiagara_VelocityMode.uasset" 144
"../../../Engine/Plugins/FX/Niagara/Content/Enums/Utility/ENiagara_VelocityMode.uexp" 145
"../../../Engine/Plugins/FX/Niagara/Content/Functions/Rotation/InvertQuaternion.uasset" 146
"../../../Engine/Plugins/FX/Niagara/Content/Functions/Rotation/InvertQuaternion.uexp" 147
"../../../Engine/Plugins/FX/Niagara/Content/Functions/Rotation/MatrixToQuaternion.uasset" 148
"../../../Engine/Plugins/FX/Niagara/Content/Functions/Rotation/MatrixToQuaternion.uexp" 149
"../../../Engine/Plugins/FX/Niagara/Content/Functions/Rotation/MakeQuaternionFrom3BasisVectors.uasset" 150
"../../../Engine/Plugins/FX/Niagara/Content/Functions/Rotation/MakeQuaternionFrom3BasisVectors.uexp" 151
"../../../Engine/Plugins/FX/Niagara/Content/Enums/Transforms/ENiagara_RotationMode.uasset" 152
"../../../Engine/Plugins/FX/Niagara/Content/Enums/Transforms/ENiagara_RotationMode.uexp" 153
"../../../Engine/Plugins/FX/Niagara/Content/Functions/Rotation/TransformStack/TransformStack_Rotation.uasset" 154
"../../../Engine/Plugins/FX/Niagara/Content/Functions/Rotation/TransformStack/TransformStack_Rotation.uexp" 155
"../../../Engine/Plugins/FX/Niagara/Content/Functions/Math/CalculateRandomPointInConeSphereIntersection.uasset" 156
"../../../Engine/Plugins/FX/Niagara/Content/Functions/Math/CalculateRandomPointInConeSphereIntersection.uexp" 157
"../../../Engine/Plugins/FX/Niagara/Content/Functions/NormalizeDistanceRange.uasset" 158
"../../../Engine/Plugins/FX/Niagara/Content/Functions/NormalizeDistanceRange.uexp" 159
"../../../Engine/Plugins/FX/Niagara/Content/Functions/DistanceBasedFalloff.uasset" 160
"../../../Engine/Plugins/FX/Niagara/Content/Functions/DistanceBasedFalloff.uexp" 161
"../../../Engine/Plugins/FX/Niagara/Content/Modules/Spawn/Velocity/AddVelocity.uasset" 162
"../../../Engine/Plugins/FX/Niagara/Content/Modules/Spawn/Velocity/AddVelocity.uexp" 163
"../../../Engine/Plugins/FX/Niagara/Content/Enums/ENiagaraEmitterLifeCycleMode.uasset" 164
"../../../Engine/Plugins/FX/Niagara/Content/Enums/ENiagaraEmitterLifeCycleMode.uexp" 165
"../../../Engine/Plugins/FX/Niagara/Content/Functions/Emitter/EmitterChangeState.uasset" 166
"../../../Engine/Plugins/FX/Niagara/Content/Functions/Emitter/EmitterChangeState.uexp" 167
"../../../Engine/Plugins/FX/Niagara/Content/Enums/ENiagara_InfiniteLoopDuration.uasset" 168
"../../../Engine/Plugins/FX/Niagara/Content/Enums/ENiagara_InfiniteLoopDuration.uexp" 169
"../../../Engine/Plugins/FX/Niagara/Content/Enums/ENiagara_EmitterStateOptions.uasset" 170
"../../../Engine/Plugins/FX/Niagara/Content/Enums/ENiagara_EmitterStateOptions.uexp" 171
"../../../Engine/Plugins/FX/Niagara/Content/Enums/ENiagaraInactiveMode.uasset" 172
"../../../Engine/Plugins/FX/Niagara/Content/Enums/ENiagaraInactiveMode.uexp" 173
"../../../Engine/Plugins/FX/Niagara/Content/Enums/ENiagaraExecutionStateManagement.uasset" 174
"../../../Engine/Plugins/FX/Niagara/Content/Enums/ENiagaraExecutionStateManagement.uexp" 175
"../../../Engine/Plugins/FX/Niagara/Content/Enums/ENiagaraEmitterScalabilityMode_Limited.uasset" 176
"../../../Engine/Plugins/FX/Niagara/Content/Enums/ENiagaraEmitterScalabilityMode_Limited.uexp" 177
"../../../Engine/Plugins/FX/Niagara/Content/Modules/Emitter/EmitterState.uasset" 178
"../../../Engine/Plugins/FX/Niagara/Content/Modules/Emitter/EmitterState.uexp" 179
"../../../Engine/Plugins/FX/Niagara/Content/Enums/Location/ENiagara_ConeMode.uasset" 180
"../../../Engine/Plugins/FX/Niagara/Content/Enums/Location/ENiagara_ConeMode.uexp" 181
"../../../Engine/Plugins/FX/Niagara/Content/Enums/ENiagaraSystemInactiveMode.uasset" 182
"../../../Engine/Plugins/FX/Niagara/Content/Enums/ENiagaraSystemInactiveMode.uexp" 183
"../../../Engine/Plugins/FX/Niagara/Content/Enums/ENiagara_AttributeSamplingApplyOutput.uasset" 184
"../../../Engine/Plugins/FX/Niagara/Content/Enums/ENiagara_AttributeSamplingApplyOutput.uexp" 185
"../../../Engine/Plugins/FX/Niagara/Content/Enums/Transforms/ENiagara_OffsetMode.uasset" 186
"../../../Engine/Plugins/FX/Niagara/Content/Enums/Transforms/ENiagara_OffsetMode.uexp" 187
"../../../Engine/Plugins/FX/Niagara/Content/Functions/System/SystemChangeState.uasset" 188
"../../../Engine/Plugins/FX/Niagara/Content/Functions/System/SystemChangeState.uexp" 189
"../../../Engine/Plugins/FX/Niagara/Content/Modules/System/SystemState.uasset" 190
"../../../Engine/Plugins/FX/Niagara/Content/Modules/System/SystemState.uexp" 191
"../../../Engine/Plugins/FX/Niagara/Content/Enums/Location/ENiagara_BoxPlaneMode.uasset" 192
"../../../Engine/Plugins/FX/Niagara/Content/Enums/Location/ENiagara_BoxPlaneMode.uexp" 193
"../../../Engine/Plugins/FX/Niagara/Content/Enums/Transforms/ENiagara_TransformOrder.uasset" 194
"../../../Engine/Plugins/FX/Niagara/Content/Enums/Transforms/ENiagara_TransformOrder.uexp" 195
"../../../Engine/Plugins/FX/Niagara/Content/Enums/Location/ENiagaraRingDiscMode.uasset" 196
"../../../Engine/Plugins/FX/Niagara/Content/Enums/Location/ENiagaraRingDiscMode.uexp" 197
"../../../Engine/Plugins/FX/Niagara/Content/DynamicInputs/ValueFromCurve/FloatFromCurve.uasset" 198
"../../../Engine/Plugins/FX/Niagara/Content/DynamicInputs/ValueFromCurve/FloatFromCurve.uexp" 199
"../../../Engine/Plugins/FX/Niagara/Content/Enums/ENiagaraShapeTorusMode.uasset" 200
"../../../Engine/Plugins/FX/Niagara/Content/Enums/ENiagaraShapeTorusMode.uexp" 201
"../../../Engine/Plugins/FX/Niagara/Content/Enums/ENiagaraExpansionMode.uasset" 202
"../../../Engine/Plugins/FX/Niagara/Content/Enums/ENiagaraExpansionMode.uexp" 203
"../../../Engine/Plugins/FX/Niagara/Content/Functions/Rotation/RotateVector2D.uasset" 204
"../../../Engine/Plugins/FX/Niagara/Content/Functions/Rotation/RotateVector2D.uexp" 205
"../../../Engine/Plugins/FX/Niagara/Content/Functions/V2/RemapRange.uasset" 206
"../../../Engine/Plugins/FX/Niagara/Content/Functions/V2/RemapRange.uexp" 207
"../../../Engine/Plugins/FX/Niagara/Content/Functions/IsolateLongestVectorComponent.uasset" 208
"../../../Engine/Plugins/FX/Niagara/Content/Functions/IsolateLongestVectorComponent.uexp" 209
"../../../Engine/Plugins/FX/Niagara/Content/Functions/RandomPointInBox.uasset" 210
"../../../Engine/Plugins/FX/Niagara/Content/Functions/RandomPointInBox.uexp" 211
"../../../Engine/Plugins/FX/Niagara/Content/Functions/ParametricTorusKnot.uasset" 212
"../../../Engine/Plugins/FX/Niagara/Content/Functions/ParametricTorusKnot.uexp" 213
"../../../Engine/Plugins/FX/Niagara/Content/Functions/PolarToCartesianCoordinates.uasset" 214
"../../../Engine/Plugins/FX/Niagara/Content/Functions/PolarToCartesianCoordinates.uexp" 215
"../../../Engine/Plugins/FX/Niagara/Content/Functions/ParametricTorus.uasset" 216
"../../../Engine/Plugins/FX/Niagara/Content/Functions/ParametricTorus.uexp" 217
"../../../Engine/Plugins/FX/Niagara/Content/Functions/Localspace/TransformPosition.uasset" 218
"../../../Engine/Plugins/FX/Niagara/Content/Functions/Localspace/TransformPosition.uexp" 219
"../../../Engine/Plugins/FX/Niagara/Content/Functions/NormalizedExecutionIndex.uasset" 220
"../../../Engine/Plugins/FX/Niagara/Content/Functions/NormalizedExecutionIndex.uexp" 221
"../../../Engine/Plugins/FX/Niagara/Content/Functions/SphericalToCartesianCoordinates.uasset" 222
"../../../Engine/Plugins/FX/Niagara/Content/Functions/SphericalToCartesianCoordinates.uexp" 223
"../../../Engine/Plugins/FX/Niagara/Content/Enums/Transforms/ENiagara_TransformType.uasset" 224
"../../../Engine/Plugins/FX/Niagara/Content/Enums/Transforms/ENiagara_TransformType.uexp" 225
"../../../Engine/Plugins/FX/Niagara/Content/Modules/Spawn/Location/V2/ShapeLocation.uasset" 226
"../../../Engine/Plugins/FX/Niagara/Content/Modules/Spawn/Location/V2/ShapeLocation.uexp" 227
"../../../Engine/Plugins/FX/Niagara/Content/Icons/Modules/T_Icon_Particle_InfiniteLife.uasset" 228
"../../../Engine/Plugins/FX/Niagara/Content/Icons/Modules/T_Icon_Particle_InfiniteLife.uexp" 229
"../../../Engine/Plugins/FX/Niagara/Content/Modules/Update/Lifetime/ParticleState.uasset" 230
"../../../Engine/Plugins/FX/Niagara/Content/Modules/Update/Lifetime/ParticleState.uexp" 231
"../../../Engine/Plugins/FX/Niagara/Content/Modules/Update/Color/Color.uasset" 232
"../../../Engine/Plugins/FX/Niagara/Content/Modules/Update/Color/Color.uexp" 233
"C:/Users/Jacob/Desktop/Major Project/Frankensponge/Content/Effects/Final/P_WaterFountain.uasset" 234
"C:/Users/Jacob/Desktop/Major Project/Frankensponge/Content/Effects/Final/P_WaterFountain.uexp" 235
"../../../Engine/Content/EditorLandscapeResources/DefaultAlphaTexture.uasset" 236
"../../../Engine/Content/EditorLandscapeResources/DefaultAlphaTexture.uexp" 237
"../../../Engine/Content/EditorLandscapeResources/DataLayer.uasset" 238
"../../../Engine/Content/EditorLandscapeResources/DataLayer.uexp" 239
"../../../Engine/Content/EditorMaterials/PreviewShadowIndicator.ubulk" 240
"../../../Engine/Content/EditorMaterials/PreviewShadowIndicator.uasset" 241
"../../../Engine/Content/EditorMaterials/PreviewShadowIndicator.uexp" 242
"../../../Engine/Content/EditorMaterials/PreviewShadowIndicatorMaterial.uasset" 243
"../../../Engine/Content/EditorMaterials/PreviewShadowIndicatorMaterial.uexp" 244
"../../../Engine/Content/EditorMaterials/MAT_Groups_Visibility.uasset" 245
"../../../Engine/Content/EditorMaterials/MAT_Groups_Visibility.uexp" 246
"../../../Engine/Content/EditorMaterials/MAT_Groups_Toggle.uasset" 247
"../../../Engine/Content/EditorMaterials/MAT_Groups_Toggle.uexp" 248
"../../../Engine/Content/EditorMaterials/MatineeGroups/MAT_Groups_Vector.uasset" 249
"../../../Engine/Content/EditorMaterials/MatineeGroups/MAT_Groups_Vector.uexp" 250
"../../../Engine/Content/EditorMaterials/MatineeGroups/MAT_Groups_Sound.uasset" 251
"../../../Engine/Content/EditorMaterials/MatineeGroups/MAT_Groups_Sound.uexp" 252
"../../../Engine/Content/EditorMaterials/MatineeGroups/MAT_Groups_Slomo.uasset" 253
"../../../Engine/Content/EditorMaterials/MatineeGroups/MAT_Groups_Slomo.uexp" 254
"../../../Engine/Content/EditorMaterials/MatineeGroups/MAT_Groups_Move.uasset" 255
"../../../Engine/Content/EditorMaterials/MatineeGroups/MAT_Groups_Move.uexp" 256
"../../../Engine/Content/EditorMaterials/MatineeGroups/MAT_Groups_Float.uasset" 257
"../../../Engine/Content/EditorMaterials/MatineeGroups/MAT_Groups_Float.uexp" 258
"../../../Engine/Content/EditorMaterials/MatineeGroups/MAT_Groups_Fade.uasset" 259
"../../../Engine/Content/EditorMaterials/MatineeGroups/MAT_Groups_Fade.uexp" 260
"../../../Engine/Content/EditorMaterials/MatineeGroups/MAT_Groups_Event.uasset" 261
"../../../Engine/Content/EditorMaterials/MatineeGroups/MAT_Groups_Event.uexp" 262
"../../../Engine/Content/EditorMaterials/MatineeGroups/MAT_Groups_Director.uasset" 263
"../../../Engine/Content/EditorMaterials/MatineeGroups/MAT_Groups_Director.uexp" 264
"../../../Engine/Content/EditorMaterials/MatineeGroups/MAT_Groups_AudioMaster.uasset" 265
"../../../Engine/Content/EditorMaterials/MatineeGroups/MAT_Groups_AudioMaster.uexp" 266
"../../../Engine/Content/EditorMaterials/MatineeGroups/MAT_Groups_Anim.uasset" 267
"../../../Engine/Content/EditorMaterials/MatineeGroups/MAT_Groups_Anim.uexp" 268
"../../../Engine/Content/EditorMaterials/MatineeGroups/MAT_ColorTrack.uasset" 269
"../../../Engine/Content/EditorMaterials/MatineeGroups/MAT_ColorTrack.uexp" 270
"../../../Engine/Content/EditorMaterials/ParticleSystems/PSysThumbnail_OOD.ubulk" 271
"../../../Engine/Content/EditorMaterials/ParticleSystems/PSysThumbnail_OOD.uasset" 272
"../../../Engine/Content/EditorMaterials/ParticleSystems/PSysThumbnail_OOD.uexp" 273
"../../../Engine/Content/EditorMaterials/ParticleSystems/PSysThumbnail_NoImage.ubulk" 274
"../../../Engine/Content/EditorMaterials/ParticleSystems/PSysThumbnail_NoImage.uasset" 275
"../../../Engine/Content/EditorMaterials/ParticleSystems/PSysThumbnail_NoImage.uexp" 276
"../../../Engine/Content/Functions/Engine_MaterialFunctions02/Utility/MakeFloat4.uasset" 277
"../../../Engine/Content/Functions/Engine_MaterialFunctions02/Utility/MakeFloat4.uexp" 278
"../../../Engine/Content/Functions/Engine_MaterialFunctions02/Utility/MakeFloat3.uasset" 279
"../../../Engine/Content/Functions/Engine_MaterialFunctions02/Utility/MakeFloat3.uexp" 280
"../../../Engine/Content/Functions/Engine_MaterialFunctions02/Utility/BreakOutFloat3Components.uasset" 281
"../../../Engine/Content/Functions/Engine_MaterialFunctions02/Utility/BreakOutFloat3Components.uexp" 282
"../../../Engine/Content/EditorMaterials/WorldPartition/WorldPartitionSpatialHashGridPreviewMaterial.uasset" 283
"../../../Engine/Content/EditorMaterials/WorldPartition/WorldPartitionSpatialHashGridPreviewMaterial.uexp" 284
"../../../Engine/Content/EditorMaterials/Camera/CineMat.uasset" 285
"../../../Engine/Content/EditorMaterials/Camera/CineMat.uexp" 286
"../../../Engine/Content/EditorMaterials/Camera/MI_CineMat_Rig.uasset" 287
"../../../Engine/Content/EditorMaterials/Camera/MI_CineMat_Rig.uexp" 288
"../../../Engine/Content/EditorMeshes/Camera/SM_RailRig_Track.ubulk" 289
"../../../Engine/Content/EditorMeshes/Camera/SM_RailRig_Track.uasset" 290
"../../../Engine/Content/EditorMeshes/Camera/SM_RailRig_Track.uexp" 291
"../../../Engine/Content/EditorMeshes/Camera/SM_RailRig_Mount.ubulk" 292
"../../../Engine/Content/EditorMeshes/Camera/SM_RailRig_Mount.uasset" 293
"../../../Engine/Content/EditorMeshes/Camera/SM_RailRig_Mount.uexp" 294
"../../../Engine/Content/EditorMeshes/Camera/SM_CraneRig_Mount.ubulk" 295
"../../../Engine/Content/EditorMeshes/Camera/SM_CraneRig_Mount.uasset" 296
"../../../Engine/Content/EditorMeshes/Camera/SM_CraneRig_Mount.uexp" 297
"../../../Engine/Content/EditorMeshes/Camera/SM_CraneRig_Body.ubulk" 298
"../../../Engine/Content/EditorMeshes/Camera/SM_CraneRig_Body.uasset" 299
"../../../Engine/Content/EditorMeshes/Camera/SM_CraneRig_Body.uexp" 300
"../../../Engine/Content/EditorMeshes/Camera/SM_CraneRig_Base.ubulk" 301
"../../../Engine/Content/EditorMeshes/Camera/SM_CraneRig_Base.uasset" 302
"../../../Engine/Content/EditorMeshes/Camera/SM_CraneRig_Base.uexp" 303
"../../../Engine/Content/EditorMeshes/Camera/SM_CraneRig_Arm.ubulk" 304
"../../../Engine/Content/EditorMeshes/Camera/SM_CraneRig_Arm.uasset" 305
"../../../Engine/Content/EditorMeshes/Camera/SM_CraneRig_Arm.uexp" 306
"../../../Engine/Content/EditorResources/S_TriggerSphere.uasset" 307
"../../../Engine/Content/EditorResources/S_TriggerSphere.uexp" 308
"../../../Engine/Content/EditorResources/S_TriggerCapsule.uasset" 309
"../../../Engine/Content/EditorResources/S_TriggerCapsule.uexp" 310
"../../../Engine/Content/EditorResources/S_TriggerBox.uasset" 311
"../../../Engine/Content/EditorResources/S_TriggerBox.uexp" 312
"../../../Engine/Content/EditorResources/S_Trigger.ubulk" 313
"../../../Engine/Content/EditorResources/S_Trigger.uasset" 314
"../../../Engine/Content/EditorResources/S_Trigger.uexp" 315
"../../../Engine/Content/EditorResources/S_Terrain.ubulk" 316
"../../../Engine/Content/EditorResources/S_Terrain.uasset" 317
"../../../Engine/Content/EditorResources/S_Terrain.uexp" 318
"../../../Engine/Content/EditorResources/S_Solver.ubulk" 319
"../../../Engine/Content/EditorResources/S_Solver.uasset" 320
"../../../Engine/Content/EditorResources/S_Solver.uexp" 321
"../../../Engine/Content/EditorResources/S_BoxReflectionCapture.uasset" 322
"../../../Engine/Content/EditorResources/S_BoxReflectionCapture.uexp" 323
"../../../Engine/Content/EditorResources/S_Actor.ubulk" 324
"../../../Engine/Content/EditorResources/S_Actor.uasset" 325
"../../../Engine/Content/EditorResources/S_Actor.uexp" 326
"../../../Engine/Content/EditorResources/EmptyActor.uasset" 327
"../../../Engine/Content/EditorResources/EmptyActor.uexp" 328
"../../../Engine/Content/EditorResources/BSPVertex.uasset" 329
"../../../Engine/Content/EditorResources/BSPVertex.uexp" 330
"../../../Engine/Content/EditorResources/AudioIcons/S_AudioComponent_AutoActivate.uasset" 331
"../../../Engine/Content/EditorResources/AudioIcons/S_AudioComponent_AutoActivate.uexp" 332
"../../../Engine/Content/EditorResources/LightIcons/S_LightError.uasset" 333
"../../../Engine/Content/EditorResources/LightIcons/S_LightError.uexp" 334
"../../../Engine/Content/EditorResources/SequenceRecorder/RecordingIndicator.uasset" 335
"../../../Engine/Content/EditorResources/SequenceRecorder/RecordingIndicator.uexp" 336
"../../../Engine/Content/EditorResources/SequenceRecorder/Countdown.uasset" 337
"../../../Engine/Content/EditorResources/SequenceRecorder/Countdown.uexp" 338
"../../../Engine/Content/EngineDamageTypes/DmgTypeBP_Environmental.uasset" 339
"../../../Engine/Content/EngineDamageTypes/DmgTypeBP_Environmental.uexp" 340
"../../../Engine/Content/Functions/Engine_MaterialFunctions02/Utility/CameraDirectionVector.uasset" 341
"../../../Engine/Content/Functions/Engine_MaterialFunctions02/Utility/CameraDirectionVector.uexp" 342
"../../../Engine/Content/EngineDebugMaterials/VolumeToRender.uasset" 343
"../../../Engine/Content/EngineDebugMaterials/VolumeToRender.uexp" 344
"../../../Engine/Content/EngineDebugMaterials/M_VolumeRenderSphereTracePP.uasset" 345
"../../../Engine/Content/EngineDebugMaterials/M_VolumeRenderSphereTracePP.uexp" 346
"../../../Engine/Content/EngineDebugMaterials/M_SimpleUnlitTranslucent.uasset" 347
"../../../Engine/Content/EngineDebugMaterials/M_SimpleUnlitTranslucent.uexp" 348
"../../../Engine/Content/EngineDebugMaterials/DebugMeshMaterial.uasset" 349
"../../../Engine/Content/EngineDebugMaterials/DebugMeshMaterial.uexp" 350
"../../../Engine/Content/EngineDebugMaterials/DebugEditorMaterial.uasset" 351
"../../../Engine/Content/EngineDebugMaterials/DebugEditorMaterial.uexp" 352
"../../../Engine/Content/EngineFonts/Faces/RobotoLight.uexp" 353
"../../../Engine/Content/EngineFonts/Faces/RobotoLight.uasset" 354
"../../../Engine/Content/EngineFonts/Faces/RobotoLight.ufont" 355
"../../../Engine/Content/EngineFonts/Faces/RobotoBold.uexp" 356
"../../../Engine/Content/EngineFonts/Faces/RobotoBold.uasset" 357
"../../../Engine/Content/EngineFonts/Faces/RobotoBold.ufont" 358
"../../../Engine/Content/EngineFonts/Faces/RobotoRegular.uexp" 359
"../../../Engine/Content/EngineFonts/Faces/RobotoRegular.uasset" 360
"../../../Engine/Content/EngineFonts/Faces/RobotoRegular.ufont" 361
"../../../Engine/Content/EngineFonts/Faces/DroidSansFallback.uexp" 362
"../../../Engine/Content/EngineFonts/Faces/DroidSansFallback.uasset" 363
"../../../Engine/Content/EngineFonts/Faces/DroidSansFallback.ufont" 364
"../../../Engine/Content/EngineFonts/Faces/RobotoItalic.uexp" 365
"../../../Engine/Content/EngineFonts/Faces/RobotoItalic.uasset" 366
"../../../Engine/Content/EngineFonts/Faces/RobotoItalic.ufont" 367
"../../../Engine/Content/EngineFonts/Faces/RobotoBoldItalic.uexp" 368
"../../../Engine/Content/EngineFonts/Faces/RobotoBoldItalic.uasset" 369
"../../../Engine/Content/EngineFonts/Faces/RobotoBoldItalic.ufont" 370
"../../../Engine/Content/EngineFonts/Roboto.uasset" 371
"../../../Engine/Content/EngineFonts/Roboto.uexp" 372
"../../../Engine/Content/EngineResources/WhiteSquareTexture.uasset" 373
"../../../Engine/Content/EngineResources/WhiteSquareTexture.uexp" 374
"../../../Engine/Content/EngineMaterials/Widget3DPassThrough.uasset" 375
"../../../Engine/Content/EngineMaterials/Widget3DPassThrough.uexp" 376
"../../../Engine/Content/EngineMaterials/Widget3DPassThrough_Translucent.uasset" 377
"../../../Engine/Content/EngineMaterials/Widget3DPassThrough_Translucent.uexp" 378
"../../../Engine/Content/EngineMaterials/Widget3DPassThrough_Translucent_OneSided.uasset" 379
"../../../Engine/Content/EngineMaterials/Widget3DPassThrough_Translucent_OneSided.uexp" 380
"../../../Engine/Content/EngineMaterials/Widget3DPassThrough_Opaque.uasset" 381
"../../../Engine/Content/EngineMaterials/Widget3DPassThrough_Opaque.uexp" 382
"../../../Engine/Content/EngineMaterials/Widget3DPassThrough_Opaque_OneSided.uasset" 383
"../../../Engine/Content/EngineMaterials/Widget3DPassThrough_Opaque_OneSided.uexp" 384
"../../../Engine/Content/EngineMaterials/Widget3DPassThrough_Masked_OneSided.uasset" 385
"../../../Engine/Content/EngineMaterials/Widget3DPassThrough_Masked_OneSided.uexp" 386
"../../../Engine/Content/EngineMaterials/Widget3DPassThrough_Masked.uasset" 387
"../../../Engine/Content/EngineMaterials/Widget3DPassThrough_Masked.uexp" 388
"../../../Engine/Content/EngineMaterials/WeightMapPlaceholderTexture.uasset" 389
"../../../Engine/Content/EngineMaterials/WeightMapPlaceholderTexture.uexp" 390
"../../../Engine/Content/EngineMaterials/RemoveSurfaceMaterial.uasset" 391
"../../../Engine/Content/EngineMaterials/RemoveSurfaceMaterial.uexp" 392
"../../../Engine/Content/EngineMaterials/PreintegratedSkinBRDF.uasset" 393
"../../../Engine/Content/EngineMaterials/PreintegratedSkinBRDF.uexp" 394
"../../../Engine/Content/EngineMaterials/DefaultCalibrationGrayscale.uasset" 395
"../../../Engine/Content/EngineMaterials/DefaultCalibrationGrayscale.uexp" 396
"../../../Engine/Content/EngineMaterials/PPM_DefaultCalibrationGrayscale.uasset" 397
"../../../Engine/Content/EngineMaterials/PPM_DefaultCalibrationGrayscale.uexp" 398
"../../../Engine/Content/EngineMaterials/DefaultCalibrationColor.uasset" 399
"../../../Engine/Content/EngineMaterials/DefaultCalibrationColor.uexp" 400
"../../../Engine/Content/EngineMaterials/PPM_DefaultCalibrationColor.uasset" 401
"../../../Engine/Content/EngineMaterials/PPM_DefaultCalibrationColor.uexp" 402
"../../../Engine/Content/Functions/Engine_MaterialFunctions02/WorldPositionOffset/CameraOffset.uasset" 403
"../../../Engine/Content/Functions/Engine_MaterialFunctions02/WorldPositionOffset/CameraOffset.uexp" 404
"../../../Engine/Content/EngineMaterials/PhAT_JointLimitMaterial.uasset" 405
"../../../Engine/Content/EngineMaterials/PhAT_JointLimitMaterial.uexp" 406
"../../../Engine/Content/EngineMeshes/Sphere.ubulk" 407
"../../../Engine/Content/EngineMeshes/Sphere.uasset" 408
"../../../Engine/Content/EngineMeshes/Sphere.uexp" 409
"../../../Engine/Content/EngineMaterials/InvalidLightmapSettings.ubulk" 410
"../../../Engine/Content/EngineMaterials/InvalidLightmapSettings.uasset" 411
"../../../Engine/Content/EngineMaterials/InvalidLightmapSettings.uexp" 412
"../../../Engine/Content/EngineMaterials/M_InvalidLightmapSettings.uasset" 413
"../../../Engine/Content/EngineMaterials/M_InvalidLightmapSettings.uexp" 414
"../../../Engine/Content/EngineMaterials/MiniFont.uasset" 415
"../../../Engine/Content/EngineMaterials/MiniFont.uexp" 416
"../../../Engine/Content/EngineMaterials/Good64x64TilingNoiseHighFreq.uasset" 417
"../../../Engine/Content/EngineMaterials/Good64x64TilingNoiseHighFreq.uexp" 418
"../../../Engine/Content/EngineMaterials/GizmoMaterial.uasset" 419
"../../../Engine/Content/EngineMaterials/GizmoMaterial.uexp" 420
"../../../Engine/Content/EngineMaterials/BaseFlattenEmissiveMap_VT.uasset" 421
"../../../Engine/Content/EngineMaterials/BaseFlattenEmissiveMap_VT.uexp" 422
"../../../Engine/Content/EngineMaterials/BaseFlattenGrayscaleMap_VT.uasset" 423
"../../../Engine/Content/EngineMaterials/BaseFlattenGrayscaleMap_VT.uexp" 424
"../../../Engine/Content/EngineMaterials/BaseFlattenLinearColor_VT.uasset" 425
"../../../Engine/Content/EngineMaterials/BaseFlattenLinearColor_VT.uexp" 426
"../../../Engine/Content/EngineMaterials/Black_1x1_EXR_Texture_VT.uasset" 427
"../../../Engine/Content/EngineMaterials/Black_1x1_EXR_Texture_VT.uexp" 428
"../../../Engine/Content/EngineMaterials/BaseFlattenDiffuseMap_VT.uasset" 429
"../../../Engine/Content/EngineMaterials/BaseFlattenDiffuseMap_VT.uexp" 430
"../../../Engine/Content/EngineMaterials/BaseFlattenNormalMap_VT.uasset" 431
"../../../Engine/Content/EngineMaterials/BaseFlattenNormalMap_VT.uexp" 432
"../../../Engine/Content/EngineMaterials/FlattenMaterial_WS_Normal_VT.uasset" 433
"../../../Engine/Content/EngineMaterials/FlattenMaterial_WS_Normal_VT.uexp" 434
"../../../Engine/Content/EngineMaterials/FlattenMaterial_VT.uasset" 435
"../../../Engine/Content/EngineMaterials/FlattenMaterial_VT.uexp" 436
"../../../Engine/Content/EngineMaterials/BaseFlattenNormalMap.uasset" 437
"../../../Engine/Content/EngineMaterials/BaseFlattenNormalMap.uexp" 438
"../../../Engine/Content/EngineMaterials/BaseFlattenGrayscaleMap.uasset" 439
"../../../Engine/Content/EngineMaterials/BaseFlattenGrayscaleMap.uexp" 440
"../../../Engine/Content/EngineMaterials/BaseFlattenDiffuseMap.uasset" 441
"../../../Engine/Content/EngineMaterials/BaseFlattenDiffuseMap.uexp" 442
"../../../Engine/Content/Functions/Engine_MaterialFunctions02/PivotPainter2/Black_1x1_EXR_Texture.uasset" 443
"../../../Engine/Content/Functions/Engine_MaterialFunctions02/PivotPainter2/Black_1x1_EXR_Texture.uexp" 444
"../../../Engine/Content/EngineMaterials/BaseFlattenEmissiveMap.uasset" 445
"../../../Engine/Content/EngineMaterials/BaseFlattenEmissiveMap.uexp" 446
"../../../Engine/Content/EngineMaterials/BaseFlattenLinearColor.uasset" 447
"../../../Engine/Content/EngineMaterials/BaseFlattenLinearColor.uexp" 448
"../../../Engine/Content/EngineMaterials/FlattenMaterial.uasset" 449
"../../../Engine/Content/EngineMaterials/FlattenMaterial.uexp" 450
"../../../Engine/Content/EngineMaterials/DefaultWhiteGrid_Low.uasset" 451
"../../../Engine/Content/EngineMaterials/DefaultWhiteGrid_Low.uexp" 452
"../../../Engine/Content/EngineMaterials/EmissiveMeshMaterial.uasset" 453
"../../../Engine/Content/EngineMaterials/EmissiveMeshMaterial.uexp" 454
"../../../Engine/Content/EngineMaterials/DefaultWhiteGrid.ubulk" 455
"../../../Engine/Content/EngineMaterials/DefaultWhiteGrid.uasset" 456
"../../../Engine/Content/EngineMaterials/DefaultWhiteGrid.uexp" 457
"../../../Engine/Content/EngineFonts/RobotoDistanceField.uasset" 458
"../../../Engine/Content/EngineFonts/RobotoDistanceField.uexp" 459
"../../../Engine/Content/EngineMaterials/DefaultTextMaterialOpaque.uasset" 460
"../../../Engine/Content/EngineMaterials/DefaultTextMaterialOpaque.uexp" 461
"../../../Engine/Content/EngineMaterials/DefaultDiffuse.ubulk" 462
"../../../Engine/Content/EngineMaterials/DefaultDiffuse.uasset" 463
"../../../Engine/Content/EngineMaterials/DefaultDiffuse.uexp" 464
"../../../Engine/Content/Functions/Engine_MaterialFunctions02/Utility/BreakOutFloat2Components.uasset" 465
"../../../Engine/Content/Functions/Engine_MaterialFunctions02/Utility/BreakOutFloat2Components.uexp" 466
"../../../Engine/Content/EngineMaterials/DefaultPostProcessMaterial.uasset" 467
"../../../Engine/Content/EngineMaterials/DefaultPostProcessMaterial.uexp" 468
"../../../Engine/Content/EngineMaterials/DefaultPhysicalMaterial.uasset" 469
"../../../Engine/Content/EngineMaterials/DefaultPhysicalMaterial.uexp" 470
"../../../Engine/Content/EngineMaterials/DefaultLightFunctionMaterial.uasset" 471
"../../../Engine/Content/EngineMaterials/DefaultLightFunctionMaterial.uexp" 472
"../../../Engine/Content/EngineMaterials/DefaultDestructiblePhysicalMaterial.uasset" 473
"../../../Engine/Content/EngineMaterials/DefaultDestructiblePhysicalMaterial.uexp" 474
"../../../Engine/Content/EngineMaterials/DefaultDeferredDecalMaterial.uasset" 475
"../../../Engine/Content/EngineMaterials/DefaultDeferredDecalMaterial.uexp" 476
"../../../Engine/Content/EngineMaterials/DefaultBokeh.uasset" 477
"../../../Engine/Content/EngineMaterials/DefaultBokeh.uexp" 478
"../../../Engine/Content/EngineMaterials/DefaultBloomKernel.uasset" 479
"../../../Engine/Content/EngineMaterials/DefaultBloomKernel.uexp" 480
"../../../Engine/Content/EngineMaterials/BlueNoise.uasset" 481
"../../../Engine/Content/EngineMaterials/BlueNoise.uexp" 482
"../../../Engine/Content/EngineResources/GradientTexture0.uasset" 483
"../../../Engine/Content/EngineResources/GradientTexture0.uexp" 484
"../../../Engine/Content/EngineResources/DefaultVolumeTexture2D.uasset" 485
"../../../Engine/Content/EngineResources/DefaultVolumeTexture2D.uexp" 486
"../../../Engine/Content/EngineResources/DefaultVolumeTexture.uasset" 487
"../../../Engine/Content/EngineResources/DefaultVolumeTexture.uexp" 488
"../../../Engine/Content/EngineResources/DefaultTextureCube.uasset" 489
"../../../Engine/Content/EngineResources/DefaultTextureCube.uexp" 490
"../../../Engine/Content/EngineResources/DefaultTexture.ubulk" 491
"../../../Engine/Content/EngineResources/DefaultTexture.uasset" 492
"../../../Engine/Content/EngineResources/DefaultTexture.uexp" 493
"../../../Engine/Content/EngineResources/Black.uasset" 494
"../../../Engine/Content/EngineResources/Black.uexp" 495
"../../../Engine/Content/EngineResources/FilmGrains/Marcie_Grain_v3_128_M2_000.uasset" 496
"../../../Engine/Content/EngineResources/FilmGrains/Marcie_Grain_v3_128_M2_000.uexp" 497
"../../../Engine/Content/EngineSky/VolumetricClouds/CloudWeatherTexture.uasset" 498
"../../../Engine/Content/EngineSky/VolumetricClouds/CloudWeatherTexture.uexp" 499
"../../../Engine/Content/Functions/Engine_MaterialFunctions02/Utility/MakeFloat2.uasset" 500
"../../../Engine/Content/Functions/Engine_MaterialFunctions02/Utility/MakeFloat2.uexp" 501
"../../../Engine/Content/EngineSky/VolumetricClouds/CloudGradientTexture.uasset" 502
"../../../Engine/Content/EngineSky/VolumetricClouds/CloudGradientTexture.uexp" 503
"../../../Engine/Content/EngineSky/VolumetricClouds/T_NoiseShape64.ubulk" 504
"../../../Engine/Content/EngineSky/VolumetricClouds/T_NoiseShape64.uasset" 505
"../../../Engine/Content/EngineSky/VolumetricClouds/T_NoiseShape64.uexp" 506
"../../../Engine/Content/EngineSky/VolumetricClouds/T_VolumeNoiseShape64.uasset" 507
"../../../Engine/Content/EngineSky/VolumetricClouds/T_VolumeNoiseShape64.uexp" 508
"../../../Engine/Content/EngineSky/VolumetricClouds/T_NoiseErosion.ubulk" 509
"../../../Engine/Content/EngineSky/VolumetricClouds/T_NoiseErosion.uasset" 510
"../../../Engine/Content/EngineSky/VolumetricClouds/T_NoiseErosion.uexp" 511
"../../../Engine/Content/EngineSky/VolumetricClouds/T_VolumeNoiseErosion32.uasset" 512
"../../../Engine/Content/EngineSky/VolumetricClouds/T_VolumeNoiseErosion32.uexp" 513
"../../../Engine/Content/EngineSky/VolumetricClouds/m_SimpleVolumetricCloud.uasset" 514
"../../../Engine/Content/EngineSky/VolumetricClouds/m_SimpleVolumetricCloud.uexp" 515
"../../../Engine/Content/EngineSky/VolumetricClouds/m_SimpleVolumetricCloud_Inst.uasset" 516
"../../../Engine/Content/EngineSky/VolumetricClouds/m_SimpleVolumetricCloud_Inst.uexp" 517
"../../../Engine/Content/EngineSounds/Master.uasset" 518
"../../../Engine/Content/EngineSounds/Master.uexp" 519
"../../../Engine/Content/Functions/Engine_MaterialFunctions01/Shading/PowerToRoughness.uasset" 520
"../../../Engine/Content/Functions/Engine_MaterialFunctions01/Shading/PowerToRoughness.uexp" 521
"../../../Engine/Content/Functions/Engine_MaterialFunctions01/Shading/ConvertFromDiffSpec.uasset" 522
"../../../Engine/Content/Functions/Engine_MaterialFunctions01/Shading/ConvertFromDiffSpec.uexp" 523
"../../../Engine/Content/MobileResources/HUD/VirtualJoystick_Background.uasset" 524
"../../../Engine/Content/MobileResources/HUD/VirtualJoystick_Background.uexp" 525
"../../../Engine/Content/MobileResources/HUD/VirtualJoystick_Thumb.uasset" 526
"../../../Engine/Content/MobileResources/HUD/VirtualJoystick_Thumb.uexp" 527
"../../../Engine/Content/MobileResources/HUD/DefaultVirtualJoysticks.uasset" 528
"../../../Engine/Content/MobileResources/HUD/DefaultVirtualJoysticks.uexp" 529
"../../../Engine/Content/Tutorial/ContentIntroCurve.uasset" 530
"../../../Engine/Content/Tutorial/ContentIntroCurve.uexp" 531
"../../../Engine/Content/VREditor/TransformGizmo/Main.uasset" 532
"../../../Engine/Content/VREditor/TransformGizmo/Main.uexp" 533
"../../../Engine/Content/VREditor/TransformGizmo/Xray.uasset" 534
"../../../Engine/Content/VREditor/TransformGizmo/Xray.uexp" 535
"../../../Engine/Content/VREditor/TransformGizmo/SM_Sequencer_Node.ubulk" 536
"../../../Engine/Content/VREditor/TransformGizmo/SM_Sequencer_Node.uasset" 537
"../../../Engine/Content/VREditor/TransformGizmo/SM_Sequencer_Node.uexp" 538
"../../../Engine/Content/VREditor/LaserPointer/VR_LaserPower_01.ubulk" 539
"../../../Engine/Content/VREditor/LaserPointer/VR_LaserPower_01.uasset" 540
"../../../Engine/Content/VREditor/LaserPointer/VR_LaserPower_01.uexp" 541
"../../../Engine/Content/VREditor/TransformGizmo/TransformGizmoMaterial.uasset" 542
"../../../Engine/Content/VREditor/TransformGizmo/TransformGizmoMaterial.uexp" 543
"../../../Engine/Content/VREditor/TransformGizmo/TranslucentTransformGizmoMaterial.uasset" 544
"../../../Engine/Content/VREditor/TransformGizmo/TranslucentTransformGizmoMaterial.uexp" 545
"../../../Engine/Content/VREditor/TransformGizmo/PlaneTranslationHandle.ubulk" 546
"../../../Engine/Content/VREditor/TransformGizmo/PlaneTranslationHandle.uasset" 547
"../../../Engine/Content/VREditor/TransformGizmo/PlaneTranslationHandle.uexp" 548
"../../../Engine/Content/VREditor/TransformGizmo/BoundingBoxEdge.ubulk" 549
"../../../Engine/Content/VREditor/TransformGizmo/BoundingBoxEdge.uasset" 550
"../../../Engine/Content/VREditor/TransformGizmo/BoundingBoxEdge.uexp" 551
"../../../Engine/Content/VREditor/TransformGizmo/BoundingBoxCorner.ubulk" 552
"../../../Engine/Content/VREditor/TransformGizmo/BoundingBoxCorner.uasset" 553
"../../../Engine/Content/VREditor/TransformGizmo/BoundingBoxCorner.uexp" 554
"../../../Engine/Plugins/2D/Paper2D/Content/PlaceholderTextures/DummySpriteTexture.ubulk" 555
"../../../Engine/Plugins/2D/Paper2D/Content/PlaceholderTextures/DummySpriteTexture.uasset" 556
"../../../Engine/Plugins/2D/Paper2D/Content/PlaceholderTextures/DummySpriteTexture.uexp" 557
"../../../Engine/Plugins/2D/Paper2D/Content/DefaultSpriteMaterial.uasset" 558
"../../../Engine/Plugins/2D/Paper2D/Content/DefaultSpriteMaterial.uexp" 559
"../../../Engine/Plugins/2D/Paper2D/Content/OpaqueUnlitSpriteMaterial.uasset" 560
"../../../Engine/Plugins/2D/Paper2D/Content/OpaqueUnlitSpriteMaterial.uexp" 561
"../../../Engine/Plugins/2D/Paper2D/Content/MaskedUnlitSpriteMaterial.uasset" 562
"../../../Engine/Plugins/2D/Paper2D/Content/MaskedUnlitSpriteMaterial.uexp" 563
"../../../Engine/Plugins/2D/Paper2D/Content/DummySprite.uasset" 564
"../../../Engine/Plugins/2D/Paper2D/Content/DummySprite.uexp" 565
"../../../Engine/Plugins/2D/Paper2D/Content/DefaultPaperTerrainMaterial.uasset" 566
"../../../Engine/Plugins/2D/Paper2D/Content/DefaultPaperTerrainMaterial.uexp" 567
"../../../Engine/Plugins/Animation/ControlRig/Content/M_Manip.uasset" 568
"../../../Engine/Plugins/Animation/ControlRig/Content/M_Manip.uexp" 569
"../../../Engine/Plugins/Animation/ControlRig/Content/Controls/DefaultGizmoLibraryNormalized.uasset" 570
"../../../Engine/Plugins/Animation/ControlRig/Content/Controls/DefaultGizmoLibraryNormalized.uexp" 571
"../../../Engine/Plugins/Animation/ControlRig/Content/Controls/ControlRig_Wedge_solid.ubulk" 572
"../../../Engine/Plugins/Animation/ControlRig/Content/Controls/ControlRig_Wedge_solid.uasset" 573
"../../../Engine/Plugins/Animation/ControlRig/Content/Controls/ControlRig_Wedge_solid.uexp" 574
"../../../Engine/Plugins/Animation/ControlRig/Content/Controls/ControlRig_Wedge_3mm.ubulk" 575
"../../../Engine/Plugins/Animation/ControlRig/Content/Controls/ControlRig_Wedge_3mm.uasset" 576
"../../../Engine/Plugins/Animation/ControlRig/Content/Controls/ControlRig_Wedge_3mm.uexp" 577
"../../../Engine/Plugins/Animation/ControlRig/Content/Controls/ControlRig_Wedge_1mm.ubulk" 578
"../../../Engine/Plugins/Animation/ControlRig/Content/Controls/ControlRig_Wedge_1mm.uasset" 579
"../../../Engine/Plugins/Animation/ControlRig/Content/Controls/ControlRig_Wedge_1mm.uexp" 580
"../../../Engine/Plugins/Animation/ControlRig/Content/Controls/ControlRig_Triangle_solid.ubulk" 581
"../../../Engine/Plugins/Animation/ControlRig/Content/Controls/ControlRig_Triangle_solid.uasset" 582
"../../../Engine/Plugins/Animation/ControlRig/Content/Controls/ControlRig_Triangle_solid.uexp" 583
"../../../Engine/Plugins/Animation/ControlRig/Content/Controls/ControlRig_Triangle_3mm.ubulk" 584
"../../../Engine/Plugins/Animation/ControlRig/Content/Controls/ControlRig_Triangle_3mm.uasset" 585
"../../../Engine/Plugins/Animation/ControlRig/Content/Controls/ControlRig_Triangle_3mm.uexp" 586
"../../../Engine/Plugins/Animation/ControlRig/Content/Controls/ControlRig_Triangle_1mm.ubulk" 587
"../../../Engine/Plugins/Animation/ControlRig/Content/Controls/ControlRig_Triangle_1mm.uasset" 588
"../../../Engine/Plugins/Animation/ControlRig/Content/Controls/ControlRig_Triangle_1mm.uexp" 589
"../../../Engine/Plugins/Animation/ControlRig/Content/Controls/ControlRig_Star4_solid.ubulk" 590
"../../../Engine/Plugins/Animation/ControlRig/Content/Controls/ControlRig_Star4_solid.uasset" 591
"../../../Engine/Plugins/Animation/ControlRig/Content/Controls/ControlRig_Star4_solid.uexp" 592
"../../../Engine/Plugins/Animation/ControlRig/Content/Controls/ControlRig_Star4_3mm.ubulk" 593
"../../../Engine/Plugins/Animation/ControlRig/Content/Controls/ControlRig_Star4_3mm.uasset" 594
"../../../Engine/Plugins/Animation/ControlRig/Content/Controls/ControlRig_Star4_3mm.uexp" 595
"../../../Engine/Plugins/Animation/ControlRig/Content/Controls/ControlRig_Star4_1mm.ubulk" 596
"../../../Engine/Plugins/Animation/ControlRig/Content/Controls/ControlRig_Star4_1mm.uasset" 597
"../../../Engine/Plugins/Animation/ControlRig/Content/Controls/ControlRig_Star4_1mm.uexp" 598
"../../../Engine/Plugins/Animation/ControlRig/Content/Controls/ControlRig_Square_solid.ubulk" 599
"../../../Engine/Plugins/Animation/ControlRig/Content/Controls/ControlRig_Square_solid.uasset" 600
"../../../Engine/Plugins/Animation/ControlRig/Content/Controls/ControlRig_Square_solid.uexp" 601
"../../../Engine/Plugins/Animation/ControlRig/Content/Controls/ControlRig_Square_3mm.ubulk" 602
"../../../Engine/Plugins/Animation/ControlRig/Content/Controls/ControlRig_Square_3mm.uasset" 603
"../../../Engine/Plugins/Animation/ControlRig/Content/Controls/ControlRig_Square_3mm.uexp" 604
"../../../Engine/Plugins/Animation/ControlRig/Content/Controls/ControlRig_Square_1mm.ubulk" 605
"../../../Engine/Plugins/Animation/ControlRig/Content/Controls/ControlRig_Square_1mm.uasset" 606
"../../../Engine/Plugins/Animation/ControlRig/Content/Controls/ControlRig_Square_1mm.uexp" 607
"../../../Engine/Plugins/Animation/ControlRig/Content/Controls/ControlRig_Sphere_solid.ubulk" 608
"../../../Engine/Plugins/Animation/ControlRig/Content/Controls/ControlRig_Sphere_solid.uasset" 609
"../../../Engine/Plugins/Animation/ControlRig/Content/Controls/ControlRig_Sphere_solid.uexp" 610
"../../../Engine/Plugins/Animation/ControlRig/Content/Controls/ControlRig_Sphere_3mm.ubulk" 611
"../../../Engine/Plugins/Animation/ControlRig/Content/Controls/ControlRig_Sphere_3mm.uasset" 612
"../../../Engine/Plugins/Animation/ControlRig/Content/Controls/ControlRig_Sphere_3mm.uexp" 613
"../../../Engine/Plugins/Animation/ControlRig/Content/Controls/ControlRig_Sphere_1mm.ubulk" 614
"../../../Engine/Plugins/Animation/ControlRig/Content/Controls/ControlRig_Sphere_1mm.uasset" 615
"../../../Engine/Plugins/Animation/ControlRig/Content/Controls/ControlRig_Sphere_1mm.uexp" 616
"../../../Engine/Plugins/Animation/ControlRig/Content/Controls/ControlRig_RoundedTriangle_solid.ubulk" 617
"../../../Engine/Plugins/Animation/ControlRig/Content/Controls/ControlRig_RoundedTriangle_solid.uasset" 618
"../../../Engine/Plugins/Animation/ControlRig/Content/Controls/ControlRig_RoundedTriangle_solid.uexp" 619
"../../../Engine/Plugins/Animation/ControlRig/Content/Controls/ControlRig_RoundedTriangle_3mm.ubulk" 620
"../../../Engine/Plugins/Animation/ControlRig/Content/Controls/ControlRig_RoundedTriangle_3mm.uasset" 621
"../../../Engine/Plugins/Animation/ControlRig/Content/Controls/ControlRig_RoundedTriangle_3mm.uexp" 622
"../../../Engine/Plugins/Animation/ControlRig/Content/Controls/ControlRig_RoundedTriangle_1mm.ubulk" 623
"../../../Engine/Plugins/Animation/ControlRig/Content/Controls/ControlRig_RoundedTriangle_1mm.uasset" 624
"../../../Engine/Plugins/Animation/ControlRig/Content/Controls/ControlRig_RoundedTriangle_1mm.uexp" 625
"../../../Engine/Plugins/Animation/ControlRig/Content/Controls/ControlRig_RoundedSquare_solid.ubulk" 626
"../../../Engine/Plugins/Animation/ControlRig/Content/Controls/ControlRig_RoundedSquare_solid.uasset" 627
"../../../Engine/Plugins/Animation/ControlRig/Content/Controls/ControlRig_RoundedSquare_solid.uexp" 628
"../../../Engine/Plugins/Animation/ControlRig/Content/Controls/ControlRig_RoundedSquare_3mm.ubulk" 629
"../../../Engine/Plugins/Animation/ControlRig/Content/Controls/ControlRig_RoundedSquare_3mm.uasset" 630
"../../../Engine/Plugins/Animation/ControlRig/Content/Controls/ControlRig_RoundedSquare_3mm.uexp" 631
"../../../Engine/Plugins/Animation/ControlRig/Content/Controls/ControlRig_RoundedSquare_1mm.ubulk" 632
"../../../Engine/Plugins/Animation/ControlRig/Content/Controls/ControlRig_RoundedSquare_1mm.uasset" 633
"../../../Engine/Plugins/Animation/ControlRig/Content/Controls/ControlRig_RoundedSquare_1mm.uexp" 634
"../../../Engine/Plugins/Animation/ControlRig/Content/Controls/ControlRig_QuarterCircle_solid.ubulk" 635
"../../../Engine/Plugins/Animation/ControlRig/Content/Controls/ControlRig_QuarterCircle_solid.uasset" 636
"../../../Engine/Plugins/Animation/ControlRig/Content/Controls/ControlRig_QuarterCircle_solid.uexp" 637
"../../../Engine/Plugins/Animation/ControlRig/Content/Controls/ControlRig_QuarterCircle_3mm.ubulk" 638
"../../../Engine/Plugins/Animation/ControlRig/Content/Controls/ControlRig_QuarterCircle_3mm.uasset" 639
"../../../Engine/Plugins/Animation/ControlRig/Content/Controls/ControlRig_QuarterCircle_3mm.uexp" 640
"../../../Engine/Plugins/Animation/ControlRig/Content/Controls/ControlRig_QuarterCircle_1mm.ubulk" 641
"../../../Engine/Plugins/Animation/ControlRig/Content/Controls/ControlRig_QuarterCircle_1mm.uasset" 642
"../../../Engine/Plugins/Animation/ControlRig/Content/Controls/ControlRig_QuarterCircle_1mm.uexp" 643
"../../../Engine/Plugins/Animation/ControlRig/Content/Controls/ControlRig_Pyramid_solid.ubulk" 644
"../../../Engine/Plugins/Animation/ControlRig/Content/Controls/ControlRig_Pyramid_solid.uasset" 645
"../../../Engine/Plugins/Animation/ControlRig/Content/Controls/ControlRig_Pyramid_solid.uexp" 646
"../../../Engine/Plugins/Animation/ControlRig/Content/Controls/ControlRig_Pyramid_3mm.ubulk" 647
"../../../Engine/Plugins/Animation/ControlRig/Content/Controls/ControlRig_Pyramid_3mm.uasset" 648
"../../../Engine/Plugins/Animation/ControlRig/Content/Controls/ControlRig_Pyramid_3mm.uexp" 649
"../../../Engine/Plugins/Animation/ControlRig/Content/Controls/ControlRig_Pyramid_1mm.ubulk" 650
"../../../Engine/Plugins/Animation/ControlRig/Content/Controls/ControlRig_Pyramid_1mm.uasset" 651
"../../../Engine/Plugins/Animation/ControlRig/Content/Controls/ControlRig_Pyramid_1mm.uexp" 652
"../../../Engine/Plugins/Animation/ControlRig/Content/Controls/ControlRig_Octagon_solid.ubulk" 653
"../../../Engine/Plugins/Animation/ControlRig/Content/Controls/ControlRig_Octagon_solid.uasset" 654
"../../../Engine/Plugins/Animation/ControlRig/Content/Controls/ControlRig_Octagon_solid.uexp" 655
"../../../Engine/Plugins/Animation/ControlRig/Content/Controls/ControlRig_Octagon_3mm.ubulk" 656
"../../../Engine/Plugins/Animation/ControlRig/Content/Controls/ControlRig_Octagon_3mm.uasset" 657
"../../../Engine/Plugins/Animation/ControlRig/Content/Controls/ControlRig_Octagon_3mm.uexp" 658
"../../../Engine/Plugins/Animation/ControlRig/Content/Controls/ControlRig_Octagon_1mm.ubulk" 659
"../../../Engine/Plugins/Animation/ControlRig/Content/Controls/ControlRig_Octagon_1mm.uasset" 660
"../../../Engine/Plugins/Animation/ControlRig/Content/Controls/ControlRig_Octagon_1mm.uexp" 661
"../../../Engine/Plugins/Animation/ControlRig/Content/Controls/ControlRig_Hexagon_solid.ubulk" 662
"../../../Engine/Plugins/Animation/ControlRig/Content/Controls/ControlRig_Hexagon_solid.uasset" 663
"../../../Engine/Plugins/Animation/ControlRig/Content/Controls/ControlRig_Hexagon_solid.uexp" 664
"../../../Engine/Plugins/Animation/ControlRig/Content/Controls/ControlRig_Hexagon_3mm.ubulk" 665
"../../../Engine/Plugins/Animation/ControlRig/Content/Controls/ControlRig_Hexagon_3mm.uasset" 666
"../../../Engine/Plugins/Animation/ControlRig/Content/Controls/ControlRig_Hexagon_3mm.uexp" 667
"../../../Engine/Plugins/Animation/ControlRig/Content/Controls/ControlRig_Hexagon_1mm.ubulk" 668
"../../../Engine/Plugins/Animation/ControlRig/Content/Controls/ControlRig_Hexagon_1mm.uasset" 669
"../../../Engine/Plugins/Animation/ControlRig/Content/Controls/ControlRig_Hexagon_1mm.uexp" 670
"../../../Engine/Plugins/Animation/ControlRig/Content/Controls/ControlRig_HalfCircle_solid.ubulk" 671
"../../../Engine/Plugins/Animation/ControlRig/Content/Controls/ControlRig_HalfCircle_solid.uasset" 672
"../../../Engine/Plugins/Animation/ControlRig/Content/Controls/ControlRig_HalfCircle_solid.uexp" 673
"../../../Engine/Plugins/Animation/ControlRig/Content/Controls/ControlRig_HalfCircle_3mm.ubulk" 674
"../../../Engine/Plugins/Animation/ControlRig/Content/Controls/ControlRig_HalfCircle_3mm.uasset" 675
"../../../Engine/Plugins/Animation/ControlRig/Content/Controls/ControlRig_HalfCircle_3mm.uexp" 676
"../../../Engine/Plugins/Animation/ControlRig/Content/Controls/ControlRig_HalfCircle_1mm.ubulk" 677
"../../../Engine/Plugins/Animation/ControlRig/Content/Controls/ControlRig_HalfCircle_1mm.uasset" 678
"../../../Engine/Plugins/Animation/ControlRig/Content/Controls/ControlRig_HalfCircle_1mm.uexp" 679
"../../../Engine/Plugins/Animation/ControlRig/Content/Controls/ControlRig_Diamond_solid.ubulk" 680
"../../../Engine/Plugins/Animation/ControlRig/Content/Controls/ControlRig_Diamond_solid.uasset" 681
"../../../Engine/Plugins/Animation/ControlRig/Content/Controls/ControlRig_Diamond_solid.uexp" 682
"../../../Engine/Plugins/Animation/ControlRig/Content/Controls/ControlRig_Diamond_3mm.ubulk" 683
"../../../Engine/Plugins/Animation/ControlRig/Content/Controls/ControlRig_Diamond_3mm.uasset" 684
"../../../Engine/Plugins/Animation/ControlRig/Content/Controls/ControlRig_Diamond_3mm.uexp" 685
"../../../Engine/Plugins/Animation/ControlRig/Content/Controls/ControlRig_Diamond_1mm.ubulk" 686
"../../../Engine/Plugins/Animation/ControlRig/Content/Controls/ControlRig_Diamond_1mm.uasset" 687
"../../../Engine/Plugins/Animation/ControlRig/Content/Controls/ControlRig_Diamond_1mm.uexp" 688
"../../../Engine/Plugins/Animation/ControlRig/Content/Controls/ControlRig_Circle_solid.ubulk" 689
"../../../Engine/Plugins/Animation/ControlRig/Content/Controls/ControlRig_Circle_solid.uasset" 690
"../../../Engine/Plugins/Animation/ControlRig/Content/Controls/ControlRig_Circle_solid.uexp" 691
"../../../Engine/Plugins/Animation/ControlRig/Content/Controls/ControlRig_Circle_3mm.ubulk" 692
"../../../Engine/Plugins/Animation/ControlRig/Content/Controls/ControlRig_Circle_3mm.uasset" 693
"../../../Engine/Plugins/Animation/ControlRig/Content/Controls/ControlRig_Circle_3mm.uexp" 694
"../../../Engine/Plugins/Animation/ControlRig/Content/Controls/ControlRig_Circle_1mm.ubulk" 695
"../../../Engine/Plugins/Animation/ControlRig/Content/Controls/ControlRig_Circle_1mm.uasset" 696
"../../../Engine/Plugins/Animation/ControlRig/Content/Controls/ControlRig_Circle_1mm.uexp" 697
"../../../Engine/Plugins/Animation/ControlRig/Content/Controls/ControlRig_Box_solid.ubulk" 698
"../../../Engine/Plugins/Animation/ControlRig/Content/Controls/ControlRig_Box_solid.uasset" 699
"../../../Engine/Plugins/Animation/ControlRig/Content/Controls/ControlRig_Box_solid.uexp" 700
"../../../Engine/Plugins/Animation/ControlRig/Content/Controls/ControlRig_Box_3mm.ubulk" 701
"../../../Engine/Plugins/Animation/ControlRig/Content/Controls/ControlRig_Box_3mm.uasset" 702
"../../../Engine/Plugins/Animation/ControlRig/Content/Controls/ControlRig_Box_3mm.uexp" 703
"../../../Engine/Plugins/Animation/ControlRig/Content/Controls/ControlRig_Box_1mm.ubulk" 704
"../../../Engine/Plugins/Animation/ControlRig/Content/Controls/ControlRig_Box_1mm.uasset" 705
"../../../Engine/Plugins/Animation/ControlRig/Content/Controls/ControlRig_Box_1mm.uexp" 706
"../../../Engine/Plugins/Animation/ControlRig/Content/Controls/ControlRig_Arrow_solid.ubulk" 707
"../../../Engine/Plugins/Animation/ControlRig/Content/Controls/ControlRig_Arrow_solid.uasset" 708
"../../../Engine/Plugins/Animation/ControlRig/Content/Controls/ControlRig_Arrow_solid.uexp" 709
"../../../Engine/Plugins/Animation/ControlRig/Content/Controls/ControlRig_Arrow_3mm.ubulk" 710
"../../../Engine/Plugins/Animation/ControlRig/Content/Controls/ControlRig_Arrow_3mm.uasset" 711
"../../../Engine/Plugins/Animation/ControlRig/Content/Controls/ControlRig_Arrow_3mm.uexp" 712
"../../../Engine/Plugins/Animation/ControlRig/Content/Controls/ControlRig_Arrow_1mm.ubulk" 713
"../../../Engine/Plugins/Animation/ControlRig/Content/Controls/ControlRig_Arrow_1mm.uasset" 714
"../../../Engine/Plugins/Animation/ControlRig/Content/Controls/ControlRig_Arrow_1mm.uexp" 715
"../../../Engine/Plugins/Animation/ControlRig/Content/Controls/ControlRig_Arrow4_solid.ubulk" 716
"../../../Engine/Plugins/Animation/ControlRig/Content/Controls/ControlRig_Arrow4_solid.uasset" 717
"../../../Engine/Plugins/Animation/ControlRig/Content/Controls/ControlRig_Arrow4_solid.uexp" 718
"../../../Engine/Plugins/Animation/ControlRig/Content/Controls/ControlRig_Arrow4_3mm.ubulk" 719
"../../../Engine/Plugins/Animation/ControlRig/Content/Controls/ControlRig_Arrow4_3mm.uasset" 720
"../../../Engine/Plugins/Animation/ControlRig/Content/Controls/ControlRig_Arrow4_3mm.uexp" 721
"../../../Engine/Plugins/Animation/ControlRig/Content/Controls/ControlRig_Arrow4_1mm.ubulk" 722
"../../../Engine/Plugins/Animation/ControlRig/Content/Controls/ControlRig_Arrow4_1mm.uasset" 723
"../../../Engine/Plugins/Animation/ControlRig/Content/Controls/ControlRig_Arrow4_1mm.uexp" 724
"../../../Engine/Plugins/Animation/ControlRig/Content/Controls/ControlRig_Arrow2_solid.ubulk" 725
"../../../Engine/Plugins/Animation/ControlRig/Content/Controls/ControlRig_Arrow2_solid.uasset" 726
"../../../Engine/Plugins/Animation/ControlRig/Content/Controls/ControlRig_Arrow2_solid.uexp" 727
"../../../Engine/Plugins/Animation/ControlRig/Content/Controls/ControlRig_Arrow2_3mm.ubulk" 728
"../../../Engine/Plugins/Animation/ControlRig/Content/Controls/ControlRig_Arrow2_3mm.uasset" 729
"../../../Engine/Plugins/Animation/ControlRig/Content/Controls/ControlRig_Arrow2_3mm.uexp" 730
"../../../Engine/Plugins/Animation/ControlRig/Content/Controls/ControlRig_Arrow2_1mm.ubulk" 731
"../../../Engine/Plugins/Animation/ControlRig/Content/Controls/ControlRig_Arrow2_1mm.uasset" 732
"../../../Engine/Plugins/Animation/ControlRig/Content/Controls/ControlRig_Arrow2_1mm.uexp" 733
"../../../Engine/Plugins/Animation/ControlRig/Content/Controls/ControlRigGizmoMaterial.uasset" 734
"../../../Engine/Plugins/Animation/ControlRig/Content/Controls/ControlRigGizmoMaterial.uexp" 735
"../../../Engine/Plugins/Editor/SpeedTreeImporter/Content/SpeedTree9/game_wind_noise.ubulk" 736
"../../../Engine/Plugins/Editor/SpeedTreeImporter/Content/SpeedTree9/game_wind_noise.uasset" 737
"../../../Engine/Plugins/Editor/SpeedTreeImporter/Content/SpeedTree9/game_wind_noise.uexp" 738
"../../../Engine/Plugins/Editor/SpeedTreeImporter/Content/SpeedTree9/UnpackDirection.uasset" 739
"../../../Engine/Plugins/Editor/SpeedTreeImporter/Content/SpeedTree9/UnpackDirection.uexp" 740
"../../../Engine/Content/Functions/Engine_MaterialFunctions02/ObjectLocalBounds.uasset" 741
"../../../Engine/Content/Functions/Engine_MaterialFunctions02/ObjectLocalBounds.uexp" 742
"../../../Engine/Content/Functions/Engine_MaterialFunctions02/UVs/BoundingBoxBased_0-1_UVW.uasset" 743
"../../../Engine/Content/Functions/Engine_MaterialFunctions02/UVs/BoundingBoxBased_0-1_UVW.uexp" 744
"../../../Engine/Content/Functions/Engine_MaterialFunctions02/Utility/VectorLength.uasset" 745
"../../../Engine/Content/Functions/Engine_MaterialFunctions02/Utility/VectorLength.uexp" 746
"../../../Engine/Plugins/Editor/SpeedTreeImporter/Content/SpeedTree9/UnpackInteger3.uasset" 747
"../../../Engine/Plugins/Editor/SpeedTreeImporter/Content/SpeedTree9/UnpackInteger3.uexp" 748
"../../../Engine/Plugins/Editor/SpeedTreeImporter/Content/SpeedTree9/SpeedTreeCameraFacing.uasset" 749
"../../../Engine/Plugins/Editor/SpeedTreeImporter/Content/SpeedTree9/SpeedTreeCameraFacing.uexp" 750
"../../../Engine/Content/Functions/Engine_MaterialFunctions02/WorldPositionOffset/ObjectScale.uasset" 751
"../../../Engine/Content/Functions/Engine_MaterialFunctions02/WorldPositionOffset/ObjectScale.uexp" 752
"../../../Engine/Content/Functions/Engine_MaterialFunctions02/SafeNormalize.uasset" 753
"../../../Engine/Content/Functions/Engine_MaterialFunctions02/SafeNormalize.uexp" 754
"../../../Engine/Plugins/Editor/SpeedTreeImporter/Content/SpeedTree9/SpeedTreeWindMotion.uasset" 755
"../../../Engine/Plugins/Editor/SpeedTreeImporter/Content/SpeedTree9/SpeedTreeWindMotion.uexp" 756
"../../../Engine/Plugins/Editor/SpeedTreeImporter/Content/SpeedTree9/SpeedTreeBranchMotion.uasset" 757
"../../../Engine/Plugins/Editor/SpeedTreeImporter/Content/SpeedTree9/SpeedTreeBranchMotion.uexp" 758
"../../../Engine/Plugins/Editor/SpeedTreeImporter/Content/SpeedTree9/SpeedTreeWind.uasset" 759
"../../../Engine/Plugins/Editor/SpeedTreeImporter/Content/SpeedTree9/SpeedTreeWind.uexp" 760
"../../../Engine/Plugins/Editor/SpeedTreeImporter/Content/SpeedTree9/EmptyNormal.uasset" 761
"../../../Engine/Plugins/Editor/SpeedTreeImporter/Content/SpeedTree9/EmptyNormal.uexp" 762
"../../../Engine/Plugins/Editor/SpeedTreeImporter/Content/SpeedTree9/Empty.uasset" 763
"../../../Engine/Plugins/Editor/SpeedTreeImporter/Content/SpeedTree9/Empty.uexp" 764
"../../../Engine/Plugins/Editor/SpeedTreeImporter/Content/SpeedTree9/SpeedTreeMaster.uasset" 765
"../../../Engine/Plugins/Editor/SpeedTreeImporter/Content/SpeedTree9/SpeedTreeMaster.uexp" 766
"../../../Engine/Plugins/Editor/SpeedTreeImporter/Content/SpeedTree9/SpeedTreeBillboard.uasset" 767
"../../../Engine/Plugins/Editor/SpeedTreeImporter/Content/SpeedTree9/SpeedTreeBillboard.uexp" 768
"../../../Engine/Plugins/Editor/SpeedTreeImporter/Content/SpeedTree9/SpeedTreeBillboardMaster.uasset" 769
"../../../Engine/Plugins/Editor/SpeedTreeImporter/Content/SpeedTree9/SpeedTreeBillboardMaster.uexp" 770
"../../../Engine/Plugins/Runtime/HairStrands/Content/Materials/HairMeshesDefaultMaterial.uasset" 771
"../../../Engine/Plugins/Runtime/HairStrands/Content/Materials/HairMeshesDefaultMaterial.uexp" 772
"../../../Engine/Plugins/Runtime/HairStrands/Content/Materials/HairDefaultMaterial.uasset" 773
"../../../Engine/Plugins/Runtime/HairStrands/Content/Materials/HairDefaultMaterial.uexp" 774
"../../../Engine/Plugins/Runtime/HairStrands/Content/Materials/HairGroupColors.uasset" 775
"../../../Engine/Plugins/Runtime/HairStrands/Content/Materials/HairGroupColors.uexp" 776
"../../../Engine/Content/EngineMaterials/HairColorMap.uasset" 777
"../../../Engine/Content/EngineMaterials/HairColorMap.uexp" 778
"../../../Engine/Content/EngineMaterials/HairDebugColor.uasset" 779
"../../../Engine/Content/EngineMaterials/HairDebugColor.uexp" 780
"../../../Engine/Plugins/Runtime/HairStrands/Content/Materials/HairDebugMaterial.uasset" 781
"../../../Engine/Plugins/Runtime/HairStrands/Content/Materials/HairDebugMaterial.uexp" 782
"../../../Engine/Plugins/Runtime/HairStrands/Content/Materials/HairCardsDefaultMaterial.uasset" 783
"../../../Engine/Plugins/Runtime/HairStrands/Content/Materials/HairCardsDefaultMaterial.uexp" 784
"../../../Engine/Content/Functions/Engine_MaterialFunctions02/WorldPositionOffset/ObjectPivotPoint.uasset" 785
"../../../Engine/Content/Functions/Engine_MaterialFunctions02/WorldPositionOffset/ObjectPivotPoint.uexp" 786
"../../../Engine/Plugins/Runtime/HDRIBackdrop/Content/Materials/HDRI_Attributes.uasset" 787
"../../../Engine/Plugins/Runtime/HDRIBackdrop/Content/Materials/HDRI_Attributes.uexp" 788
"../../../Engine/Plugins/Runtime/HDRIBackdrop/Content/Materials/HDRI_Projection.uasset" 789
"../../../Engine/Plugins/Runtime/HDRIBackdrop/Content/Materials/HDRI_Projection.uexp" 790
"../../../Engine/Plugins/Runtime/HDRIBackdrop/Content/Materials/MI_HDRI_CenterProjection.uasset" 791
"../../../Engine/Plugins/Runtime/HDRIBackdrop/Content/Materials/MI_HDRI_CenterProjection.uexp" 792
"C:/Users/Jacob/Desktop/Major Project/Frankensponge/Content/StarterContent/Textures/T_Smoke_SubUV.ubulk" 793
"C:/Users/Jacob/Desktop/Major Project/Frankensponge/Content/StarterContent/Textures/T_Smoke_SubUV.uasset" 794
"C:/Users/Jacob/Desktop/Major Project/Frankensponge/Content/StarterContent/Textures/T_Smoke_SubUV.uexp" 795
"C:/Users/Jacob/Desktop/Major Project/Frankensponge/Content/StarterContent/Textures/T_Smoke_Tiled_D.ubulk" 796
"C:/Users/Jacob/Desktop/Major Project/Frankensponge/Content/StarterContent/Textures/T_Smoke_Tiled_D.uasset" 797
"C:/Users/Jacob/Desktop/Major Project/Frankensponge/Content/StarterContent/Textures/T_Smoke_Tiled_D.uexp" 798
"C:/Users/Jacob/Desktop/Major Project/Frankensponge/Content/StarterContent/Particles/Materials/M_smoke_subUV.uasset" 799
"C:/Users/Jacob/Desktop/Major Project/Frankensponge/Content/StarterContent/Particles/Materials/M_smoke_subUV.uexp" 800
"C:/Users/Jacob/Desktop/Major Project/Frankensponge/Content/StarterContent/Textures/T_Burst_M.ubulk" 801
"C:/Users/Jacob/Desktop/Major Project/Frankensponge/Content/StarterContent/Textures/T_Burst_M.uasset" 802
"C:/Users/Jacob/Desktop/Major Project/Frankensponge/Content/StarterContent/Textures/T_Burst_M.uexp" 803
"C:/Users/Jacob/Desktop/Major Project/Frankensponge/Content/StarterContent/Particles/Materials/M_Burst.uasset" 804
"C:/Users/Jacob/Desktop/Major Project/Frankensponge/Content/StarterContent/Particles/Materials/M_Burst.uexp" 805
"C:/Users/Jacob/Desktop/Major Project/Frankensponge/Content/StarterContent/Particles/Materials/m_flare_01.uasset" 806
"C:/Users/Jacob/Desktop/Major Project/Frankensponge/Content/StarterContent/Particles/Materials/m_flare_01.uexp" 807
"C:/Users/Jacob/Desktop/Major Project/Frankensponge/Content/StarterContent/Textures/T_Explosion_SubUV.ubulk" 808
"C:/Users/Jacob/Desktop/Major Project/Frankensponge/Content/StarterContent/Textures/T_Explosion_SubUV.uasset" 809
"C:/Users/Jacob/Desktop/Major Project/Frankensponge/Content/StarterContent/Textures/T_Explosion_SubUV.uexp" 810
"C:/Users/Jacob/Desktop/Major Project/Frankensponge/Content/StarterContent/Particles/Materials/M_explosion_subUV.uasset" 811
"C:/Users/Jacob/Desktop/Major Project/Frankensponge/Content/StarterContent/Particles/Materials/M_explosion_subUV.uexp" 812
"../../../Engine/Content/Functions/Engine_MaterialFunctions01/Gradient/RadialGradient.uasset" 813
"../../../Engine/Content/Functions/Engine_MaterialFunctions01/Gradient/RadialGradient.uexp" 814
"C:/Users/Jacob/Desktop/Major Project/Frankensponge/Content/StarterContent/Particles/Materials/M_radial_ramp.uasset" 815
"C:/Users/Jacob/Desktop/Major Project/Frankensponge/Content/StarterContent/Particles/Materials/M_radial_ramp.uexp" 816
"C:/Users/Jacob/Desktop/Major Project/Frankensponge/Content/StarterContent/Particles/P_Explosion.uasset" 817
"C:/Users/Jacob/Desktop/Major Project/Frankensponge/Content/StarterContent/Particles/P_Explosion.uexp" 818
"C:/Users/Jacob/Desktop/Major Project/Frankensponge/Content/StarterContent/Textures/T_Fire_Tiled_D.ubulk" 819
"C:/Users/Jacob/Desktop/Major Project/Frankensponge/Content/StarterContent/Textures/T_Fire_Tiled_D.uasset" 820
"C:/Users/Jacob/Desktop/Major Project/Frankensponge/Content/StarterContent/Textures/T_Fire_Tiled_D.uexp" 821
"C:/Users/Jacob/Desktop/Major Project/Frankensponge/Content/StarterContent/Textures/T_Fire_SubUV.ubulk" 822
"C:/Users/Jacob/Desktop/Major Project/Frankensponge/Content/StarterContent/Textures/T_Fire_SubUV.uasset" 823
"C:/Users/Jacob/Desktop/Major Project/Frankensponge/Content/StarterContent/Textures/T_Fire_SubUV.uexp" 824
"C:/Users/Jacob/Desktop/Major Project/Frankensponge/Content/StarterContent/Particles/Materials/M_Fire_SubUV.uasset" 825
"C:/Users/Jacob/Desktop/Major Project/Frankensponge/Content/StarterContent/Particles/Materials/M_Fire_SubUV.uexp" 826
"C:/Users/Jacob/Desktop/Major Project/Frankensponge/Content/StarterContent/Textures/T_Water_N.ubulk" 827
"C:/Users/Jacob/Desktop/Major Project/Frankensponge/Content/StarterContent/Textures/T_Water_N.uasset" 828
"C:/Users/Jacob/Desktop/Major Project/Frankensponge/Content/StarterContent/Textures/T_Water_N.uexp" 829
"C:/Users/Jacob/Desktop/Major Project/Frankensponge/Content/StarterContent/Particles/Materials/M_Heat_Distortion.uasset" 830
"C:/Users/Jacob/Desktop/Major Project/Frankensponge/Content/StarterContent/Particles/Materials/M_Heat_Distortion.uexp" 831
"C:/Users/Jacob/Desktop/Major Project/Frankensponge/Content/StarterContent/Particles/Materials/M_Radial_Gradient.uasset" 832
"C:/Users/Jacob/Desktop/Major Project/Frankensponge/Content/StarterContent/Particles/Materials/M_Radial_Gradient.uexp" 833
"C:/Users/Jacob/Desktop/Major Project/Frankensponge/Content/StarterContent/Particles/P_Fire.uasset" 834
"C:/Users/Jacob/Desktop/Major Project/Frankensponge/Content/StarterContent/Particles/P_Fire.uexp" 835
"C:/Users/Jacob/Desktop/Major Project/Frankensponge/Content/StarterContent/Textures/T_Spark_Core.ubulk" 836
"C:/Users/Jacob/Desktop/Major Project/Frankensponge/Content/StarterContent/Textures/T_Spark_Core.uasset" 837
"C:/Users/Jacob/Desktop/Major Project/Frankensponge/Content/StarterContent/Textures/T_Spark_Core.uexp" 838
"C:/Users/Jacob/Desktop/Major Project/Frankensponge/Content/StarterContent/Particles/Materials/M_Spark.uasset" 839
"C:/Users/Jacob/Desktop/Major Project/Frankensponge/Content/StarterContent/Particles/Materials/M_Spark.uexp" 840
"C:/Users/Jacob/Desktop/Major Project/Frankensponge/Content/StarterContent/Particles/P_Sparks.uasset" 841
"C:/Users/Jacob/Desktop/Major Project/Frankensponge/Content/StarterContent/Particles/P_Sparks.uexp" 842
"../../../Engine/Content/EngineSky/C_Sky_Horizon_Color.uasset" 843
"../../../Engine/Content/EngineSky/C_Sky_Horizon_Color.uexp" 844
"../../../Engine/Content/EngineSky/T_Sky_Stars.ubulk" 845
"../../../Engine/Content/EngineSky/T_Sky_Stars.uasset" 846
"../../../Engine/Content/EngineSky/T_Sky_Stars.uexp" 847
"../../../Engine/Content/EngineSky/T_Sky_Clouds_M.ubulk" 848
"../../../Engine/Content/EngineSky/T_Sky_Clouds_M.uasset" 849
"../../../Engine/Content/EngineSky/T_Sky_Clouds_M.uexp" 850
"../../../Engine/Content/EngineSky/T_Sky_Blue.ubulk" 851
"../../../Engine/Content/EngineSky/T_Sky_Blue.uasset" 852
"../../../Engine/Content/EngineSky/T_Sky_Blue.uexp" 853
"../../../Engine/Content/EngineSky/M_Sky_Panning_Clouds2.uasset" 854
"../../../Engine/Content/EngineSky/M_Sky_Panning_Clouds2.uexp" 855
"../../../Engine/Content/EngineSky/SM_SkySphere.ubulk" 856
"../../../Engine/Content/EngineSky/SM_SkySphere.uasset" 857
"../../../Engine/Content/EngineSky/SM_SkySphere.uexp" 858
"../../../Engine/Content/EngineSky/C_Sky_Cloud_Color.uasset" 859
"../../../Engine/Content/EngineSky/C_Sky_Cloud_Color.uexp" 860
"../../../Engine/Content/EngineSky/C_Sky_Zenith_Color.uasset" 861
"../../../Engine/Content/EngineSky/C_Sky_Zenith_Color.uexp" 862
"../../../Engine/Content/EditorBlueprintResources/StandardMacros.uasset" 863
"../../../Engine/Content/EditorBlueprintResources/StandardMacros.uexp" 864
"../../../Engine/Content/EngineSky/BP_Sky_Sphere.uasset" 865
"../../../Engine/Content/EngineSky/BP_Sky_Sphere.uexp" 866
"C:/Users/Jacob/Desktop/Major Project/Frankensponge/Content/StarterContent/Maps/Minimal_Default_BuiltData.ubulk" 867
"C:/Users/Jacob/Desktop/Major Project/Frankensponge/Content/StarterContent/Maps/Minimal_Default_BuiltData.uasset" 868
"C:/Users/Jacob/Desktop/Major Project/Frankensponge/Content/StarterContent/Maps/Minimal_Default_BuiltData.uexp" 869
"C:/Users/Jacob/Desktop/Major Project/Frankensponge/Content/Models/TestTube/M_TestTube1.uasset" 870
"C:/Users/Jacob/Desktop/Major Project/Frankensponge/Content/Models/TestTube/M_TestTube1.uexp" 871
"C:/Users/Jacob/Desktop/Major Project/Frankensponge/Content/Models/PetriDish/PetriDish_pCylinder1.ubulk" 872
"C:/Users/Jacob/Desktop/Major Project/Frankensponge/Content/Models/PetriDish/PetriDish_pCylinder1.uasset" 873
"C:/Users/Jacob/Desktop/Major Project/Frankensponge/Content/Models/PetriDish/PetriDish_pCylinder1.uexp" 874
"C:/Users/Jacob/Desktop/Major Project/Frankensponge/Content/StarterContent/Materials/M_Basic_Floor.uasset" 875
"C:/Users/Jacob/Desktop/Major Project/Frankensponge/Content/StarterContent/Materials/M_Basic_Floor.uexp" 876
"C:/Users/Jacob/Desktop/Major Project/Frankensponge/Content/StarterContent/Architecture/Floor_400x400.ubulk" 877
"C:/Users/Jacob/Desktop/Major Project/Frankensponge/Content/StarterContent/Architecture/Floor_400x400.uasset" 878
"C:/Users/Jacob/Desktop/Major Project/Frankensponge/Content/StarterContent/Architecture/Floor_400x400.uexp" 879
"C:/Users/Jacob/Desktop/Major Project/Frankensponge/Content/Models/Bunsen/lambert1.uasset" 880
"C:/Users/Jacob/Desktop/Major Project/Frankensponge/Content/Models/Bunsen/lambert1.uexp" 881
"C:/Users/Jacob/Desktop/Major Project/Frankensponge/Content/Models/Bunsen/BunsenBurner_0001.ubulk" 882
"C:/Users/Jacob/Desktop/Major Project/Frankensponge/Content/Models/Bunsen/BunsenBurner_0001.uasset" 883
"C:/Users/Jacob/Desktop/Major Project/Frankensponge/Content/Models/Bunsen/BunsenBurner_0001.uexp" 884
"../../../Engine/Plugins/FX/NiagaraFluids/Content/Enums/ENiagaraGrid2DResolution.uasset" 885
"../../../Engine/Plugins/FX/NiagaraFluids/Content/Enums/ENiagaraGrid2DResolution.uexp" 886
"../../../Engine/Plugins/FX/NiagaraFluids/Content/Modules/Grid2D/Grid2D_SetResolution.uasset" 887
"../../../Engine/Plugins/FX/NiagaraFluids/Content/Modules/Grid2D/Grid2D_SetResolution.uexp" 888
"C:/Users/Jacob/Desktop/Major Project/Frankensponge/Content/Effects/P_Test1.uasset" 889
"C:/Users/Jacob/Desktop/Major Project/Frankensponge/Content/Effects/P_Test1.uexp" 890
"C:/Users/Jacob/Desktop/Major Project/Frankensponge/Content/StarterContent/Textures/T_Dust_Particle_D.ubulk" 891
"C:/Users/Jacob/Desktop/Major Project/Frankensponge/Content/StarterContent/Textures/T_Dust_Particle_D.uasset" 892
"C:/Users/Jacob/Desktop/Major Project/Frankensponge/Content/StarterContent/Textures/T_Dust_Particle_D.uexp" 893
"C:/Users/Jacob/Desktop/Major Project/Frankensponge/Content/StarterContent/Particles/Materials/M_Dust_Particle.uasset" 894
"C:/Users/Jacob/Desktop/Major Project/Frankensponge/Content/StarterContent/Particles/Materials/M_Dust_Particle.uexp" 895
"C:/Users/Jacob/Desktop/Major Project/Frankensponge/Content/StarterContent/Particles/P_Ambient_Dust.uasset" 896
"C:/Users/Jacob/Desktop/Major Project/Frankensponge/Content/StarterContent/Particles/P_Ambient_Dust.uexp" 897
"C:/Users/Jacob/Desktop/Major Project/Frankensponge/Content/StarterContent/Textures/T_Metal_Gold_N.ubulk" 898
"C:/Users/Jacob/Desktop/Major Project/Frankensponge/Content/StarterContent/Textures/T_Metal_Gold_N.uasset" 899
"C:/Users/Jacob/Desktop/Major Project/Frankensponge/Content/StarterContent/Textures/T_Metal_Gold_N.uexp" 900
"C:/Users/Jacob/Desktop/Major Project/Frankensponge/Content/StarterContent/Textures/T_Metal_Copper_D.ubulk" 901
"C:/Users/Jacob/Desktop/Major Project/Frankensponge/Content/StarterContent/Textures/T_Metal_Copper_D.uasset" 902
"C:/Users/Jacob/Desktop/Major Project/Frankensponge/Content/StarterContent/Textures/T_Metal_Copper_D.uexp" 903
"C:/Users/Jacob/Desktop/Major Project/Frankensponge/Content/StarterContent/Textures/T_MacroVariation.uasset" 904
"C:/Users/Jacob/Desktop/Major Project/Frankensponge/Content/StarterContent/Textures/T_MacroVariation.uexp" 905
"C:/Users/Jacob/Desktop/Major Project/Frankensponge/Content/StarterContent/Materials/M_Metal_Copper.uasset" 906
"C:/Users/Jacob/Desktop/Major Project/Frankensponge/Content/StarterContent/Materials/M_Metal_Copper.uexp" 907
"C:/Users/Jacob/Desktop/Major Project/Frankensponge/Content/StarterContent/Particles/P_Steam_Lit.uasset" 908
"C:/Users/Jacob/Desktop/Major Project/Frankensponge/Content/StarterContent/Particles/P_Steam_Lit.uexp" 909
"C:/Users/Jacob/Desktop/Major Project/Frankensponge/Content/StarterContent/Textures/T_Lamp_N.ubulk" 910
"C:/Users/Jacob/Desktop/Major Project/Frankensponge/Content/StarterContent/Textures/T_Lamp_N.uasset" 911
"C:/Users/Jacob/Desktop/Major Project/Frankensponge/Content/StarterContent/Textures/T_Lamp_N.uexp" 912
"C:/Users/Jacob/Desktop/Major Project/Frankensponge/Content/StarterContent/Textures/T_Lamp_M.ubulk" 913
"C:/Users/Jacob/Desktop/Major Project/Frankensponge/Content/StarterContent/Textures/T_Lamp_M.uasset" 914
"C:/Users/Jacob/Desktop/Major Project/Frankensponge/Content/StarterContent/Textures/T_Lamp_M.uexp" 915
"C:/Users/Jacob/Desktop/Major Project/Frankensponge/Content/StarterContent/Props/Materials/M_Lamp.uasset" 916
"C:/Users/Jacob/Desktop/Major Project/Frankensponge/Content/StarterContent/Props/Materials/M_Lamp.uexp" 917
"C:/Users/Jacob/Desktop/Major Project/Frankensponge/Content/StarterContent/Props/SM_Lamp_Wall.ubulk" 918
"C:/Users/Jacob/Desktop/Major Project/Frankensponge/Content/StarterContent/Props/SM_Lamp_Wall.uasset" 919
"C:/Users/Jacob/Desktop/Major Project/Frankensponge/Content/StarterContent/Props/SM_Lamp_Wall.uexp" 920
"C:/Users/Jacob/Desktop/Major Project/Frankensponge/Content/StarterContent/Blueprints/Blueprint_WallSconce.uasset" 921
"C:/Users/Jacob/Desktop/Major Project/Frankensponge/Content/StarterContent/Blueprints/Blueprint_WallSconce.uexp" 922
"C:/Users/Jacob/Desktop/Major Project/Frankensponge/Content/StarterContent/Particles/P_Smoke.uasset" 923
"C:/Users/Jacob/Desktop/Major Project/Frankensponge/Content/StarterContent/Particles/P_Smoke.uexp" 924
"../../../Engine/Plugins/FX/Niagara/Content/Modules/Spawn/Location/SpawnParticlesInGrid.uasset" 925
"../../../Engine/Plugins/FX/Niagara/Content/Modules/Spawn/Location/SpawnParticlesInGrid.uexp" 926
"../../../Engine/Plugins/FX/Niagara/Content/Enums/ENiagaraVector2_Channels.uasset" 927
"../../../Engine/Plugins/FX/Niagara/Content/Enums/ENiagaraVector2_Channels.uexp" 928
"../../../Engine/Plugins/FX/Niagara/Content/Functions/ChannelMasks/SelectV2Channel.uasset" 929
"../../../Engine/Plugins/FX/Niagara/Content/Functions/ChannelMasks/SelectV2Channel.uexp" 930
"../../../Engine/Plugins/FX/Niagara/Content/DynamicInputs/TypeConversions/MakeFloatFromVector2d.uasset" 931
"../../../Engine/Plugins/FX/Niagara/Content/DynamicInputs/TypeConversions/MakeFloatFromVector2d.uexp" 932
"../../../Engine/Plugins/FX/Niagara/Content/Enums/ENiagaraGridPlacementType.uasset" 933
"../../../Engine/Plugins/FX/Niagara/Content/Enums/ENiagaraGridPlacementType.uexp" 934
"../../../Engine/Plugins/FX/Niagara/Content/Functions/RandomUnitVector.uasset" 935
"../../../Engine/Plugins/FX/Niagara/Content/Functions/RandomUnitVector.uexp" 936
"../../../Engine/Plugins/FX/Niagara/Content/Functions/RandomVector.uasset" 937
"../../../Engine/Plugins/FX/Niagara/Content/Functions/RandomVector.uexp" 938
"../../../Engine/Plugins/FX/Niagara/Content/Functions/MakeTranslationMatrix.uasset" 939
"../../../Engine/Plugins/FX/Niagara/Content/Functions/MakeTranslationMatrix.uexp" 940
"../../../Engine/Plugins/FX/Niagara/Content/Functions/Math/GetMatrixScale.uasset" 941
"../../../Engine/Plugins/FX/Niagara/Content/Functions/Math/GetMatrixScale.uexp" 942
"../../../Engine/Plugins/FX/Niagara/Content/Modules/Spawn/Location/V2/GridLocation.uasset" 943
"../../../Engine/Plugins/FX/Niagara/Content/Modules/Spawn/Location/V2/GridLocation.uexp" 944
"../../../Engine/Plugins/FX/Niagara/Content/Functions/Helpers/SetBoolByTimer.uasset" 945
"../../../Engine/Plugins/FX/Niagara/Content/Functions/Helpers/SetBoolByTimer.uexp" 946
"../../../Engine/Plugins/FX/Niagara/Content/Modules/ExportParticleData/ExportParticleDataToBlueprint.uasset" 947
"../../../Engine/Plugins/FX/Niagara/Content/Modules/ExportParticleData/ExportParticleDataToBlueprint.uexp" 948
"C:/Users/Jacob/Desktop/Major Project/Frankensponge/Content/StarterContent/Textures/T_Brick_Clay_New_D.ubulk" 949
"C:/Users/Jacob/Desktop/Major Project/Frankensponge/Content/StarterContent/Textures/T_Brick_Clay_New_D.uasset" 950
"C:/Users/Jacob/Desktop/Major Project/Frankensponge/Content/StarterContent/Textures/T_Brick_Clay_New_D.uexp" 951
"C:/Users/Jacob/Desktop/Major Project/Frankensponge/Content/StarterContent/Textures/T_Brick_Clay_New_M.uasset" 952
"C:/Users/Jacob/Desktop/Major Project/Frankensponge/Content/StarterContent/Textures/T_Brick_Clay_New_M.uexp" 953
"C:/Users/Jacob/Desktop/Major Project/Frankensponge/Content/StarterContent/Textures/T_Detail_Rocky_N.ubulk" 954
"C:/Users/Jacob/Desktop/Major Project/Frankensponge/Content/StarterContent/Textures/T_Detail_Rocky_N.uasset" 955
"C:/Users/Jacob/Desktop/Major Project/Frankensponge/Content/StarterContent/Textures/T_Detail_Rocky_N.uexp" 956
"C:/Users/Jacob/Desktop/Major Project/Frankensponge/Content/StarterContent/Textures/T_Brick_Clay_New_N.uasset" 957
"C:/Users/Jacob/Desktop/Major Project/Frankensponge/Content/StarterContent/Textures/T_Brick_Clay_New_N.uexp" 958
"C:/Users/Jacob/Desktop/Major Project/Frankensponge/Content/StarterContent/Materials/M_Brick_Clay_New.uasset" 959
"C:/Users/Jacob/Desktop/Major Project/Frankensponge/Content/StarterContent/Materials/M_Brick_Clay_New.uexp" 960
"C:/Users/Jacob/Desktop/Major Project/Frankensponge/Content/Effects/P_InputOutputTest.uasset" 961
"C:/Users/Jacob/Desktop/Major Project/Frankensponge/Content/Effects/P_InputOutputTest.uexp" 962
"C:/Users/Jacob/Desktop/Major Project/Frankensponge/Content/Blueprints/BP_CharPlayer.uasset" 963
"C:/Users/Jacob/Desktop/Major Project/Frankensponge/Content/Blueprints/BP_CharPlayer.uexp" 964
"C:/Users/Jacob/Desktop/Major Project/Frankensponge/Content/Effects/BP_InputOutputTest.uasset" 965
"C:/Users/Jacob/Desktop/Major Project/Frankensponge/Content/Effects/BP_InputOutputTest.uexp" 966
"C:/Users/Jacob/Desktop/Major Project/Frankensponge/Content/StarterContent/Materials/M_Basic_Wall.uasset" 967
"C:/Users/Jacob/Desktop/Major Project/Frankensponge/Content/StarterContent/Materials/M_Basic_Wall.uexp" 968
"C:/Users/Jacob/Desktop/Major Project/Frankensponge/Content/StarterContent/Architecture/Wall_400x300.ubulk" 969
"C:/Users/Jacob/Desktop/Major Project/Frankensponge/Content/StarterContent/Architecture/Wall_400x300.uasset" 970
"C:/Users/Jacob/Desktop/Major Project/Frankensponge/Content/StarterContent/Architecture/Wall_400x300.uexp" 971
"C:/Users/Jacob/Desktop/Major Project/Frankensponge/Content/StarterContent/Architecture/Wall_Window_400x300.ubulk" 972
"C:/Users/Jacob/Desktop/Major Project/Frankensponge/Content/StarterContent/Architecture/Wall_Window_400x300.uasset" 973
"C:/Users/Jacob/Desktop/Major Project/Frankensponge/Content/StarterContent/Architecture/Wall_Window_400x300.uexp" 974
"../../../Engine/Plugins/Runtime/HDRIBackdrop/Content/Textures/approaching_storm_4k.uasset" 975
"../../../Engine/Plugins/Runtime/HDRIBackdrop/Content/Textures/approaching_storm_4k.uexp" 976
"../../../Engine/Plugins/Runtime/HDRIBackdrop/Content/Materials/MI_HDRI_CameraProjection.uasset" 977
"../../../Engine/Plugins/Runtime/HDRIBackdrop/Content/Materials/MI_HDRI_CameraProjection.uexp" 978
"../../../Engine/Plugins/Runtime/HDRIBackdrop/Content/Meshes/EnviroDome.ubulk" 979
"../../../Engine/Plugins/Runtime/HDRIBackdrop/Content/Meshes/EnviroDome.uasset" 980
"../../../Engine/Plugins/Runtime/HDRIBackdrop/Content/Meshes/EnviroDome.uexp" 981
"../../../Engine/Plugins/Runtime/HDRIBackdrop/Content/Blueprints/HDRIBackdrop.uasset" 982
"../../../Engine/Plugins/Runtime/HDRIBackdrop/Content/Blueprints/HDRIBackdrop.uexp" 983
"C:/Users/Jacob/Desktop/Major Project/Frankensponge/Content/StarterContent/Audio/Starter_Background_Cue.uasset" 984
"C:/Users/Jacob/Desktop/Major Project/Frankensponge/Content/StarterContent/Audio/Starter_Background_Cue.uexp" 985
"C:/Users/Jacob/Desktop/Major Project/Frankensponge/Content/StarterContent/Textures/T_CobbleStone_Pebble_M.ubulk" 986
"C:/Users/Jacob/Desktop/Major Project/Frankensponge/Content/StarterContent/Textures/T_CobbleStone_Pebble_M.uasset" 987
"C:/Users/Jacob/Desktop/Major Project/Frankensponge/Content/StarterContent/Textures/T_CobbleStone_Pebble_M.uexp" 988
"C:/Users/Jacob/Desktop/Major Project/Frankensponge/Content/Effects/M_TestRender.uasset" 989
"C:/Users/Jacob/Desktop/Major Project/Frankensponge/Content/Effects/M_TestRender.uexp" 990
"C:/Users/Jacob/Desktop/Major Project/Frankensponge/Content/Effects/P_Grid2DTest.uasset" 991
"C:/Users/Jacob/Desktop/Major Project/Frankensponge/Content/Effects/P_Grid2DTest.uexp" 992
"C:/Users/Jacob/Desktop/Major Project/Frankensponge/Content/Models/TestTube/TestTube1.ubulk" 993
"C:/Users/Jacob/Desktop/Major Project/Frankensponge/Content/Models/TestTube/TestTube1.uasset" 994
"C:/Users/Jacob/Desktop/Major Project/Frankensponge/Content/Models/TestTube/TestTube1.uexp" 995
"C:/Users/Jacob/Desktop/Major Project/Frankensponge/Content/StarterContent/Textures/T_Wood_Pine_D.ubulk" 996
"C:/Users/Jacob/Desktop/Major Project/Frankensponge/Content/StarterContent/Textures/T_Wood_Pine_D.uasset" 997
"C:/Users/Jacob/Desktop/Major Project/Frankensponge/Content/StarterContent/Textures/T_Wood_Pine_D.uexp" 998
"C:/Users/Jacob/Desktop/Major Project/Frankensponge/Content/Effects/P_FluidTest1.uasset" 999
"C:/Users/Jacob/Desktop/Major Project/Frankensponge/Content/Effects/P_FluidTest1.uexp" 1000
"C:/Users/Jacob/Desktop/Major Project/Frankensponge/Content/StarterContent/Maps/Minimal_Default.uexp" 1001
"C:/Users/Jacob/Desktop/Major Project/Frankensponge/Content/StarterContent/Maps/Minimal_Default.umap" 1002
"../../../Engine/Content/Maps/Entry_BuiltData.uasset" 1003
"../../../Engine/Content/Maps/Entry_BuiltData.uexp" 1004
"../../../Engine/Content/Maps/Entry.uexp" 1005
"../../../Engine/Content/Maps/Entry.umap" 1006
